d:\8.4蒲莫臣\c\作业11\debug\vc143.pdb
d:\8.4蒲莫臣\c\作业11\debug\vc143.idb
d:\8.4蒲莫臣\c\作业11\debug\p1862 输油管道问题.obj
d:\8.4蒲莫臣\c\作业11\debug\p1858 多人背包.obj
d:\8.4蒲莫臣\c\作业11\debug\p1802 5 倍经验日.obj
d:\8.4蒲莫臣\c\作业11\debug\p1718 图形复原1.obj
d:\8.4蒲莫臣\c\作业11\debug\p1621 集合.obj
d:\8.4蒲莫臣\c\作业11\debug\p1203 [usaco1.1] 坏掉的项链 broken necklace.obj
d:\8.4蒲莫臣\c\作业11\debug\p1616 疯狂的采药.obj
d:\8.4蒲莫臣\c\作业11\debug\p1525 [noip2010 提高组] 关押罪犯.obj
d:\8.4蒲莫臣\c\作业11\debug\p1507 nasa的食物计划.obj
d:\8.4蒲莫臣\c\作业11\debug\p1481 魔族密码.obj
d:\8.4蒲莫臣\c\作业11\debug\p1433 吃奶酪.obj
d:\8.4蒲莫臣\c\作业11\debug\p1308 [noip2011 普及组] 统计单词数.obj
d:\8.4蒲莫臣\c\作业11\debug\p1233 木棍加工.obj
d:\8.4蒲莫臣\c\作业11\debug\p1138 第 k 小整数.obj
d:\8.4蒲莫臣\c\作业11\debug\p1111 修复公路.obj
d:\8.4蒲莫臣\c\作业11\debug\p1097 [noip2007 提高组] 统计数字.obj
d:\8.4蒲莫臣\c\作业11\debug\p1094 [noip2007 普及组] 纪念品分组.obj
d:\8.4蒲莫臣\c\作业11\debug\p1090 [noip2004 提高组] 合并果子  [usaco06nov] fence repair g.obj
d:\8.4蒲莫臣\c\作业11\debug\p1045 [noip2003 普及组] 麦森数.obj
d:\8.4蒲莫臣\c\作业11\debug\p1011 [noip1998 提高组] 车站.obj
d:\8.4蒲莫臣\c\作业11\debug\p5738 【深基7.例4】歌唱比赛.obj
d:\8.4蒲莫臣\c\作业11\debug\p5707 【深基2.例12】上学迟到.obj
d:\8.4蒲莫臣\c\作业11\debug\p5266 【深基17.例6】学籍管理.obj
d:\8.4蒲莫臣\c\作业11\debug\p4305 [jloi2011]不重复数字.obj
d:\8.4蒲莫臣\c\作业11\debug\p4017 最大食物链计数.obj
d:\8.4蒲莫臣\c\作业11\debug\p3879 [tjoi2010] 阅读理解.obj
d:\8.4蒲莫臣\c\作业11\debug\p3405 [usaco16dec]cities and states s.obj
d:\8.4蒲莫臣\c\作业11\debug\p3370 【模板】字符串哈希.obj
d:\8.4蒲莫臣\c\作业11\debug\p2814 家谱.obj
d:\8.4蒲莫臣\c\作业11\debug\p2415 集合求和.obj
d:\8.4蒲莫臣\c\作业11\debug\p2256 一中校运会之百米跑.obj
d:\8.4蒲莫臣\c\作业11\debug\p2095 营养膳食.obj
d:\8.4蒲莫臣\c\作业11\debug\p2094 运输.obj
d:\8.4蒲莫臣\c\作业11\debug\p1968 美元汇率.obj
d:\8.4蒲莫臣\c\作业11\debug\p1964 【mc生存】卖东西.obj
d:\8.4蒲莫臣\c\作业11\debug\p1955 [noi2015] 程序自动分析.obj
d:\8.4蒲莫臣\c\作业11\debug\p1918 保龄球.obj
d:\8.4蒲莫臣\c\作业11\debug\p1908 逆序对.obj
d:\8.4蒲莫臣\c\作业11\debug\p1892 [boi2003]团伙.obj
d:\8.4蒲莫臣\c\作业11\debug\p1889 士兵站队.obj
d:\8.4蒲莫臣\c\作业11\debug\1586 - 【入门】扫地机器人.obj
d:\8.4蒲莫臣\c\作业11\debug\1443 - 【提高】泉水.obj
d:\8.4蒲莫臣\c\作业11\debug\1441 - 【提高】骑士牛.obj
d:\8.4蒲莫臣\c\作业11\debug\1435 - 【基础】数池塘（八方向）.obj
d:\8.4蒲莫臣\c\作业11\debug\1434 - 【基础】数池塘（四方向）.obj
d:\8.4蒲莫臣\c\作业11\debug\1432 - 【基础】走出迷宫的最少步数.obj
d:\8.4蒲莫臣\c\作业11\debug\1430 - 【基础】迷宫出口.obj
d:\8.4蒲莫臣\c\作业11\debug\1383 - 【提高】奶牛和草丛.obj
d:\8.4蒲莫臣\c\作业11\debug\1377 - 【提高】循环赛日程表.obj
d:\8.4蒲莫臣\c\作业11\debug\1372 - 【基础】活动选择.obj
d:\8.4蒲莫臣\c\作业11\debug\1326 - 【入门】需要安排几位师傅加工零件？.obj
d:\8.4蒲莫臣\c\作业11\debug\1308 - 【基础】全排列的结果.obj
d:\8.4蒲莫臣\c\作业11\debug\1236 - 【入门】二分查找.obj
d:\8.4蒲莫臣\c\作业11\debug\1236 - 【入门】二分查找 循环.obj
d:\8.4蒲莫臣\c\作业11\debug\1229 - 【提高】拦截导弹的系统数量求解.obj
d:\8.4蒲莫臣\c\作业11\debug\1228 - 【基础】排队打水问题.obj
d:\8.4蒲莫臣\c\作业11\debug\1216 - 【基础】数塔问题.obj
d:\8.4蒲莫臣\c\作业11\debug\1010 - 【入门】数组元素的排序.obj
d:\8.4蒲莫臣\c\作业11\debug\p7910 [csp-j 2021] 插入排序.obj
d:\8.4蒲莫臣\c\作业11\debug\p5761 [noi1997] 最佳游览.obj
d:\8.4蒲莫臣\c\作业11\debug\p1219 [usaco1.5]八皇后 checker challenge.obj
d:\8.4蒲莫臣\c\作业11\debug\p1216 [usaco1.5][ioi1994]数字三角形 number triangles.obj
d:\8.4蒲莫臣\c\作业11\debug\p1165 日志分析.obj
d:\8.4蒲莫臣\c\作业11\debug\p1135 奇怪的电梯.obj
d:\8.4蒲莫臣\c\作业11\debug\p1132 数字生成游戏.obj
d:\8.4蒲莫臣\c\作业11\debug\p1126 机器人搬重物.obj
d:\8.4蒲莫臣\c\作业11\debug\p1123 取数游戏.obj
d:\8.4蒲莫臣\c\作业11\debug\p1100 高低位交换.obj
d:\8.4蒲莫臣\c\作业11\debug\p1091 [noip2004 提高组] 合唱队形.obj
d:\8.4蒲莫臣\c\作业11\debug\p1024 [noip2001 提高组] 一元三次方程求解.obj
d:\8.4蒲莫臣\c\作业11\debug\next_permutation.obj
d:\8.4蒲莫臣\c\作业11\debug\2396 - 【提高】求排列的逆序数.obj
d:\8.4蒲莫臣\c\作业11\debug\2276 - 【基础】求逆序对问题.obj
d:\8.4蒲莫臣\c\作业11\debug\1794 - 【基础】最长不下降子序列（lis）.obj
d:\8.4蒲莫臣\c\作业11\debug\1789 - 【入门】双向队列.obj
d:\8.4蒲莫臣\c\作业11\debug\1755 - 【基础】丑数判断.obj
d:\8.4蒲莫臣\c\作业11\debug\1751 - 【入门】快乐的马里奥.obj
d:\8.4蒲莫臣\c\作业11\debug\1653 - 【基础】取数.obj
d:\8.4蒲莫臣\c\作业11\debug\1649 - 【入门】前缀最大值.obj
d:\8.4蒲莫臣\c\作业11\debug\1589 - 【基础】最大部分和（连续部分和）.obj
d:\8.4蒲莫臣\c\作业11\debug\p3072 [usaco13feb]perimeter s.obj
d:\8.4蒲莫臣\c\作业11\debug\p2774 方格取数问题.obj
d:\8.4蒲莫臣\c\作业11\debug\p2234 [hnoi2002]营业额统计.obj
d:\8.4蒲莫臣\c\作业11\debug\p2196 [noip1996 提高组] 挖地雷.obj
d:\8.4蒲莫臣\c\作业11\debug\p1901 发射站.obj
d:\8.4蒲莫臣\c\作业11\debug\p1873 [coci 2011_2012 no 5] eko  砍树.obj
d:\8.4蒲莫臣\c\作业11\debug\p1823 [coi2007] patrik 音乐会的等待.obj
d:\8.4蒲莫臣\c\作业11\debug\p1747 好奇怪的游戏.obj
d:\8.4蒲莫臣\c\作业11\debug\p1706 全排列问题.obj
d:\8.4蒲莫臣\c\作业11\debug\p1683 入门.obj
d:\8.4蒲莫臣\c\作业11\debug\p1596 [usaco10oct]lake counting .obj
d:\8.4蒲莫臣\c\作业11\debug\p1536 村村通.obj
d:\8.4蒲莫臣\c\作业11\debug\p1451 求细胞数量.obj
d:\8.4蒲莫臣\c\作业11\debug\p1443 马的遍历.obj
d:\8.4蒲莫臣\c\作业11\debug\p1434 [shoi2002] 滑.obj
d:\8.4蒲莫臣\c\作业11\debug\p1364 医院设置.obj
d:\8.4蒲莫臣\c\作业11\debug\p1305 新二叉树.obj
d:\8.4蒲莫臣\c\作业11\debug\p1236 算24点.obj
d:\8.4蒲莫臣\c\作业11\debug\p1228 地毯填补问题.obj
d:\8.4蒲莫臣\c\作业11\debug\p1228 地毯填补问题 分治.obj
d:\8.4蒲莫臣\c\作业11\debug\t231656 不等价交换法则.obj
d:\8.4蒲莫臣\c\作业11\debug\t226082 深潜的第六兽.obj
d:\8.4蒲莫臣\c\作业11\debug\t226082 深潜的第六兽   map .obj
d:\8.4蒲莫臣\c\作业11\debug\stl的使用-算法.obj
d:\8.4蒲莫臣\c\作业11\debug\stl的使用-容器.obj
d:\8.4蒲莫臣\c\作业11\debug\stack.obj
d:\8.4蒲莫臣\c\作业11\debug\queue.obj
d:\8.4蒲莫臣\c\作业11\debug\p8445 射命丸文的取材之旅.obj
d:\8.4蒲莫臣\c\作业11\debug\p7912 [csp-j 2021] 小熊的果篮.obj
d:\8.4蒲莫臣\c\作业11\debug\p7911 [csp-j 2021] 网络连接.obj
d:\8.4蒲莫臣\c\作业11\debug\p7910 [csp-j 2021] 插入排序16pts.obj
d:\8.4蒲莫臣\c\作业11\debug\p7909 [csp-j 2021] 分糖果.obj
d:\8.4蒲莫臣\c\作业11\debug\p5318 【深基18.例3】查找文献.obj
d:\8.4蒲莫臣\c\作业11\debug\p5250 【深基17.例5】木材仓库.obj
d:\8.4蒲莫臣\c\作业11\debug\p5076 【深基16.例7】普通二叉树（简化版）vector.obj
d:\8.4蒲莫臣\c\作业11\debug\p5076 【深基16.例7】普通二叉树（简化版）multiset.obj
d:\8.4蒲莫臣\c\作业11\debug\p5076 【深基16.例7】普通二叉树（简化版）.obj
d:\8.4蒲莫臣\c\作业11\debug\p4913 【深基16.例3】二叉树深度.obj
d:\8.4蒲莫臣\c\作业11\debug\p4387 【深基15.习9】验证栈序列.obj
d:\8.4蒲莫臣\c\作业11\debug\p3884 [jloi2009]二叉树问题.obj
d:\8.4蒲莫臣\c\作业11\debug\判断二十四点是否成立stack.obj
d:\8.4蒲莫臣\c\作业11\debug\u237281 制裁小明.obj
d:\8.4蒲莫臣\c\作业11\debug\t265989 pmtd.obj
d:\8.4蒲莫臣\c\作业11\debug\t264077 [ahoi2016初中组]自行车比赛.obj
d:\8.4蒲莫臣\c\作业11\debug\t264076 [noip2001 普及组] 求先序排列1.obj
d:\8.4蒲莫臣\c\作业11\debug\t258573 [aya round 1 b] 幻想乡麻将游戏.obj
d:\8.4蒲莫臣\c\作业11\debug\t258478 [aya round 1 a] 幻想乡扑克游戏.obj
d:\8.4蒲莫臣\c\作业11\debug\t258418 [aya round 1 d] 文文的数学游戏.obj
d:\8.4蒲莫臣\c\作业11\debug\t250224 （a）「swtr-8」15b03.obj
d:\8.4蒲莫臣\c\作业11\debug\t249186 gcd2.obj
d:\8.4蒲莫臣\c\作业11\debug\t249186 gcd.obj
d:\8.4蒲莫臣\c\作业11\debug\t248751 （d）「swtr-8」扫雷计数.obj
d:\8.4蒲莫臣\c\作业11\debug\t248749 （b）「swtr-8」美元巨大.obj
d:\8.4蒲莫臣\c\作业11\debug\t246836 [lsot-1] 暴龙的土豆.obj
d:\8.4蒲莫臣\c\作业11\debug\t238894 奶油蛋糕.obj
d:\8.4蒲莫臣\c\作业11\debug\t237756 binary search骗分.obj
d:\8.4蒲莫臣\c\作业11\debug\t237756 binary search.obj
d:\8.4蒲莫臣\c\作业11\debug\t236282 渺茫的希望.obj
d:\8.4蒲莫臣\c\作业11\debug\t233829 number.obj
d:\8.4蒲莫臣\c\作业11\debug\t231920 虹色的北斗七星.obj
d:\8.4蒲莫臣\c\作业11\debug\逻辑运算.obj
d:\8.4蒲莫臣\c\作业11\debug\进制间的相互转换.obj
d:\8.4蒲莫臣\c\作业11\debug\查询二十四点是否成立.obj
d:\8.4蒲莫臣\c\作业11\debug\杨辉三角.obj
d:\8.4蒲莫臣\c\作业11\debug\p1866 编号.obj
d:\8.4蒲莫臣\c\作业11\debug\字符串操作.obj
d:\8.4蒲莫臣\c\作业11\debug\p1498 南蛮图腾.obj
d:\8.4蒲莫臣\c\作业11\debug\p1678 烦恼的高考志愿.obj
d:\8.4蒲莫臣\c\作业11\debug\p1141 01迷宫.obj
d:\8.4蒲莫臣\c\作业11\debug\p6183 [usaco10mar] the rock game s.obj
d:\8.4蒲莫臣\c\作业和\debug\作业11.exe
d:\8.4蒲莫臣\c\作业11\debug\作业11.ilk
d:\8.4蒲莫臣\c\作业和\debug\作业11.pdb
d:\8.4蒲莫臣\c\作业11\debug\作业11.tlog\cl.read.1.tlog
d:\8.4蒲莫臣\c\作业11\debug\作业11.tlog\cl.write.1.tlog
d:\8.4蒲莫臣\c\作业11\debug\作业11.tlog\cl.command.1.tlog
d:\8.4蒲莫臣\c\作业11\debug\作业11.tlog\link.read.1.tlog
d:\8.4蒲莫臣\c\作业11\debug\作业11.tlog\link.write.1.tlog
d:\8.4蒲莫臣\c\作业11\debug\作业11.tlog\link.command.1.tlog
