315711
32158
424224
439481
280551
71622
180033
98472
440469
381732
343494
320633
38222
42808
177892
234695
373013
293230
153009
30360
251593
410894
153828
444173
475405
378699
46504
442900
106927
329636
333286
402433
196645
66839
42356
3156
140147
406245
131572
379457
262459
493637
494151
230054
147984
15368
90817
388990
139520
247841
367962
104482
100758
57198
33628
442555
274391
302905
65534
15248
452566
42139
314841
356174
197432
79679
307764
109034
166603
439100
173334
238481
17678
21472
126159
395328
33300
420311
287166
91256
73978
386280
94404
83423
230167
174570
453800
497069
212308
94574
497173
72097
110493
30345
357869
45098
270587
77040
382122
274715
24094
265386
68657
465149
203293
85522
130395
97383
440847
263250
361091
69386
366796
136564
420316
284924
328832
379556
255083
482535
328873
202375
299049
342309
45959
468423
151618
59948
59157
388263
399121
269590
275346
138227
166065
485599
91468
496859
327075
393220
494869
82141
349724
269491
281786
104755
264104
258258
247993
320265
197780
251646
444295
102340
346204
225579
73482
416248
407948
81749
366621
146535
156883
475100
473974
82274
269026
61442
372666
473073
81984
358346
93178
446281
221367
364490
131476
332746
272569
323220
234294
166410
470514
263522
214043
146510
50809
100933
453230
486278
338795
115240
200830
411236
290792
384854
242054
427133
287196
463469
432216
256025
468538
303876
390876
308399
422146
468640
394674
391790
442516
341520
482776
307174
308653
379510
452590
431109
82677
51788
407605
412378
184368
243653
334676
232859
474048
208506
176893
49951
1923
72073
333056
334194
173600
238026
125589
317800
14551
798
30753
342389
87227
420110
359767
26046
31881
362877
447040
5618
378538
181433
313032
133027
453922
392996
477513
255903
40100
6503
238095
477300
453547
441808
488168
470043
278633
179307
366177
352774
337936
305521
309346
335223
295070
28735
314472
46326
411453
439445
212792
103593
390088
302020
50612
323432
26376
322792
201702
5843
106827
157916
63129
420049
162214
340244
23264
127544
464179
250919
452979
311063
336482
399638
444526
282643
55229
141758
496022
114928
363560
472179
169254
217044
332872
89628
139426
32878
474719
209097
412545
356705
402223
27978
188066
402868
139140
16340
311736
139000
261611
365250
116901
194333
339014
111106
101797
6006
227100
90853
294315
104959
99747
424690
128437
165914
301279
151884
64177
308733
478668
321054
103456
466908
57760
351329
235862
348459
274625
363762
200630
368807
27144
347904
283620
44507
267249
178540
497912
148626
472596
223918
462266
297324
213235
237086
55704
59929
278059
32414
390689
292619
47827
309387
264256
38549
150107
66342
375727
85765
56210
111570
269102
366711
146217
253933
16087
299614
482376
412474
405921
73224
305671
162767
436687
427401
212649
291404
474227
263599
341524
76534
66309
159275
322785
282606
327487
494053
343089
360295
369849
69317
34452
206153
458520
74484
163731
217389
4549
174185
378862
368460
278887
411522
404513
205161
263333
234970
336175
336420
39241
495189
390826
47483
284092
33875
296969
37123
353888
164046
450528
147034
339439
146581
326118
19902
346500
329018
293777
323441
478058
103968
192798
22927
367520
51641
379742
296418
344710
364763
318972
43971
303021
116069
443067
273664
124968
117992
98544
169334
433011
155136
181239
153283
84151
43110
68120
231288
142436
491296
356637
408605
237709
233653
60311
94285
376601
375623
77629
426499
187907
17816
370287
241232
357231
427878
104612
303175
410568
9724
424207
55515
491281
408022
172129
206521
285842
231486
329749
179443
152899
135756
92980
174915
222243
220564
249327
289325
319491
153146
105491
314239
410591
388215
293582
498369
368594
15311
424554
143708
397711
334748
189613
130335
154622
452094
412172
282827
73974
9702
445505
170626
382433
461285
449823
221087
280786
212243
237705
446674
423094
49832
135013
279104
440839
467751
208985
87420
393962
232538
381642
270388
122377
115768
212452
227887
83088
444090
369693
230468
396815
213397
398543
121992
401962
128285
265767
143708
252882
435024
287932
340874
474640
218549
422724
460147
111038
21530
493533
120326
45159
304325
353427
273134
306808
451846
143265
264405
135006
69981
278931
140368
178369
96121
239178
420804
359118
61942
377388
231940
365988
298108
220140
56237
218621
499307
361616
359495
310334
422883
317296
98937
67490
34684
407330
375971
219533
371850
80657
388478
367261
443071
128462
295443
490
55726
407381
495777
259946
471661
314829
409434
388339
172091
466294
481288
84775
203007
368679
126331
33344
301054
254931
98336
438698
142980
79284
409439
25544
147098
473673
427973
5403
268295
321083
253929
294534
499258
117727
177874
284626
385919
386652
217239
425415
208248
36043
360431
453558
407864
391083
393593
28122
96721
298091
371166
314874
435447
218190
318100
286935
142373
421121
291732
220023
290660
74228
83180
76836
418074
406865
211151
410995
230883
78564
434211
159537
273052
276928
122491
371199
278087
456602
377667
352196
92230
47050
108052
129328
409177
10053
275310
78994
414212
414620
337213
196892
231580
421442
346518
240254
26910
387511
429092
115609
274549
271774
6418
108826
401838
183443
352699
480629
254086
231522
78368
317939
247740
160834
437446
179146
100018
368633
174291
485491
21043
298712
118276
28737
425319
428832
240241
181529
174717
337939
72974
335799
141723
193294
400118
96219
10619
84653
292808
55097
190863
77032
461850
450894
264054
472390
234150
102818
70651
142746
180081
411943
80682
195995
26463
377094
276613
314335
268048
76929
27592
225845
338465
244717
429538
256485
231778
339051
196960
99704
293073
307336
447448
113980
345261
69226
40701
456628
35327
175504
451305
149311
276040
147123
287446
448775
181816
468429
395229
171180
109032
365081
341326
327497
328917
38821
110757
331620
48531
187981
432262
443667
14688
106565
311000
70535
403523
111834
435667
488835
440196
64964
296334
445321
271079
13536
396358
380719
144141
299717
302978
226718
186966
376053
491262
172432
285749
219965
98914
222578
37021
92657
100632
439867
281032
425296
392003
155322
387141
102795
356267
69833
24018
176910
331187
250535
370612
94425
280132
281047
214416
120585
92410
111834
347410
290805
143989
184437
186734
140920
361121
69770
81524
270398
165694
259820
126950
180657
167661
341151
112755
250845
468698
273434
19713
338683
494916
179598
308672
45444
371793
50823
209795
77631
6964
3433
349830
193902
398144
219452
28895
154118
320624
409054
412685
257249
232994
170124
432411
90008
281199
185055
29966
66064
183936
165517
91272
265022
363447
134803
238810
173007
450379
298325
373698
102096
320033
80325
189186
407243
429581
34352
139477
79908
434275
399308
208817
314176
357267
190822
492648
21951
227336
483031
118013
129325
109012
68844
450011
430178
193072
124211
132278
95231
465673
164524
83286
81144
314391
83919
67547
145622
290429
55130
189537
