d:\8.4蒲莫臣\c\作业4\作业4\debug\vc143.pdb
d:\8.4蒲莫臣\c\作业4\作业4\debug\vc143.idb
d:\8.4蒲莫臣\c\作业4\作业4\debug\轴对称三角形.obj
d:\8.4蒲莫臣\c\作业4\作业4\debug\质数口袋.obj
d:\8.4蒲莫臣\c\作业4\作业4\debug\蝴蝶结.obj
d:\8.4蒲莫臣\c\作业4\作业4\debug\至少2除.obj
d:\8.4蒲莫臣\c\作业4\作业4\debug\积水.obj
d:\8.4蒲莫臣\c\作业4\作业4\debug\游泳.obj
d:\8.4蒲莫臣\c\作业4\作业4\debug\油桶.obj
d:\8.4蒲莫臣\c\作业4\作业4\debug\沙漏.obj
d:\8.4蒲莫臣\c\作业4\作业4\debug\末两位.obj
d:\8.4蒲莫臣\c\作业4\作业4\debug\无向图.obj
d:\8.4蒲莫臣\c\作业4\作业4\debug\质数函数.obj
d:\8.4蒲莫臣\c\作业4\作业4\debug\数字三角.obj
d:\8.4蒲莫臣\c\作业4\作业4\debug\字母转换.obj
d:\8.4蒲莫臣\c\作业4\作业4\debug\多个蝴蝶结.obj
d:\8.4蒲莫臣\c\作业4\作业4\debug\多个三角形.obj
d:\8.4蒲莫臣\c\作业4\作业4\debug\四位反序数.obj
d:\8.4蒲莫臣\c\作业4\作业4\debug\反向输出.obj
d:\8.4蒲莫臣\c\作业4\作业4\debug\体操队.obj
d:\8.4蒲莫臣\c\作业4\作业4\debug\乘法表.obj
d:\8.4蒲莫臣\c\作业4\作业4\debug\jj零花钱.obj
d:\8.4蒲莫臣\c\作业4\作业4\debug\食物链.obj
d:\8.4蒲莫臣\c\作业和\debug\作业4.pdb
d:\8.4蒲莫臣\c\作业4\作业4\debug\作业4.tlog\cl.read.1.tlog
d:\8.4蒲莫臣\c\作业4\作业4\debug\作业4.tlog\cl.write.1.tlog
d:\8.4蒲莫臣\c\作业4\作业4\debug\作业4.tlog\cl.command.1.tlog
d:\8.4蒲莫臣\c\作业4\作业4\debug\作业4.tlog\link-rc.read.1.tlog
d:\8.4蒲莫臣\c\作业4\作业4\debug\作业4.tlog\link-rc.write.1.tlog
d:\8.4蒲莫臣\c\作业4\作业4\debug\作业4.tlog\link-cvtres.read.1.tlog
d:\8.4蒲莫臣\c\作业4\作业4\debug\作业4.tlog\link-cvtres.write.1.tlog
d:\8.4蒲莫臣\c\作业4\作业4\debug\作业4.tlog\link.read.1.tlog
d:\8.4蒲莫臣\c\作业4\作业4\debug\作业4.tlog\link.write.1.tlog
d:\8.4蒲莫臣\c\作业4\作业4\debug\作业4.tlog\link.command.1.tlog
