d:\8.4蒲莫臣\c\作业5\作业5\debug\vc143.pdb
d:\8.4蒲莫臣\c\作业5\作业5\debug\vc143.idb
d:\8.4蒲莫臣\c\作业5\作业5\debug\自动修正.obj
d:\8.4蒲莫臣\c\作业5\作业5\debug\结构体.obj
d:\8.4蒲莫臣\c\作业5\作业5\debug\种树.obj
d:\8.4蒲莫臣\c\作业5\作业5\debug\玩具谜题.obj
d:\8.4蒲莫臣\c\作业5\作业5\debug\爱与愁大神2.obj
d:\8.4蒲莫臣\c\作业5\作业5\debug\爱与愁大神.obj
d:\8.4蒲莫臣\c\作业5\作业5\debug\标题统计.obj
d:\8.4蒲莫臣\c\作业5\作业5\debug\新年快乐.obj
d:\8.4蒲莫臣\c\作业5\作业5\debug\搬砖问题.obj
d:\8.4蒲莫臣\c\作业5\作业5\debug\手稿.obj
d:\8.4蒲莫臣\c\作业5\作业5\debug\成绩.obj
d:\8.4蒲莫臣\c\作业5\作业5\debug\地毯.obj
d:\8.4蒲莫臣\c\作业5\作业5\debug\四人年龄1.obj
d:\8.4蒲莫臣\c\作业5\作业5\debug\哥德巴赫猜想.obj
d:\8.4蒲莫臣\c\作业5\作业5\debug\口算练习题.obj
d:\8.4蒲莫臣\c\作业5\作业5\debug\凯撒密码.obj
d:\8.4蒲莫臣\c\作业5\作业5\debug\公式求和.obj
d:\8.4蒲莫臣\c\作业5\作业5\debug\luck word.obj
d:\8.4蒲莫臣\c\作业5\作业5\debug\axbproblem.obj
d:\8.4蒲莫臣\c\作业5\作业5\debug\a+b高精.obj
d:\8.4蒲莫臣\c\作业5\作业5\debug\鸟鸡兔同笼.obj
d:\8.4蒲莫臣\c\作业5\作业5\debug\阶乘之和.obj
d:\8.4蒲莫臣\c\作业5\作业5\debug\购买文具.obj
d:\8.4蒲莫臣\c\作业5\作业5\debug\语句解析.obj
d:\8.4蒲莫臣\c\作业5\作业5\debug\评等级.obj
d:\8.4蒲莫臣\c\作业5\作业5\debug\蛇形方阵.obj
d:\8.4蒲莫臣\c\作业5\作业5\debug\作业5.ilk
d:\8.4蒲莫臣\c\作业和\debug\作业5.exe
d:\8.4蒲莫臣\c\作业和\debug\作业5.pdb
d:\8.4蒲莫臣\c\作业5\作业5\debug\作业5.tlog\cl.read.1.tlog
d:\8.4蒲莫臣\c\作业5\作业5\debug\作业5.tlog\cl.write.1.tlog
d:\8.4蒲莫臣\c\作业5\作业5\debug\作业5.tlog\cl.command.1.tlog
d:\8.4蒲莫臣\c\作业5\作业5\debug\作业5.tlog\link.command.1.tlog
d:\8.4蒲莫臣\c\作业5\作业5\debug\作业5.tlog\link.read.1.tlog
d:\8.4蒲莫臣\c\作业5\作业5\debug\作业5.tlog\link.write.1.tlog
