d:\8.4蒲莫臣\c\作业\作业\debug\vc143.pdb
d:\8.4蒲莫臣\c\作业\作业\debug\vc143.idb
d:\8.4蒲莫臣\c\作业\作业\debug\空心六边形.obj
d:\8.4蒲莫臣\c\作业\作业\debug\空心三角形.obj
d:\8.4蒲莫臣\c\作业\作业\debug\灾区.obj
d:\8.4蒲莫臣\c\作业\作业\debug\源.obj
d:\8.4蒲莫臣\c\作业\作业\debug\一维数组.obj
d:\8.4蒲莫臣\c\作业\作业\debug\智能机器人.obj
d:\8.4蒲莫臣\c\作业\作业\debug\是否便宜.obj
d:\8.4蒲莫臣\c\作业\作业\debug\是否为三角形.obj
d:\8.4蒲莫臣\c\作业\作业\debug\放大的箭头.obj
d:\8.4蒲莫臣\c\作业\作业\debug\放大的x.obj
d:\8.4蒲莫臣\c\作业\作业\debug\拆偶数.obj
d:\8.4蒲莫臣\c\作业\作业\debug\在哪两个数中间.obj
d:\8.4蒲莫臣\c\作业\作业\debug\后三位等于自己.obj
d:\8.4蒲莫臣\c\作业\作业\debug\加起来 = 100.obj
d:\8.4蒲莫臣\c\作业\作业\debug\划船.obj
d:\8.4蒲莫臣\c\作业\作业\debug\位运算符.obj
d:\8.4蒲莫臣\c\作业\作业\debug\任意一个数的倍数.obj
d:\8.4蒲莫臣\c\作业\作业\debug\不输出7n7.obj
d:\8.4蒲莫臣\c\作业\作业\debug\p1228 地毯填补问题.obj
d:\8.4蒲莫臣\c\作业\作业\debug\if判断.obj
d:\8.4蒲莫臣\c\作业\作业\debug\神奇数.obj
d:\8.4蒲莫臣\c\作业\作业\debug\超市打折.obj
d:\8.4蒲莫臣\c\作业\作业\debug\行李托运.obj
d:\8.4蒲莫臣\c\作业\作业\debug\菱形.obj
d:\8.4蒲莫臣\c\作业\作业\debug\空心菱形.obj
d:\8.4蒲莫臣\c\作业\作业\debug\空心正方形.obj
d:\8.4蒲莫臣\c\作业和\debug\作业.pdb
d:\8.4蒲莫臣\c\作业\作业\debug\作业.tlog\cl.read.1.tlog
d:\8.4蒲莫臣\c\作业\作业\debug\作业.tlog\cl.write.1.tlog
d:\8.4蒲莫臣\c\作业\作业\debug\作业.tlog\cl.command.1.tlog
d:\8.4蒲莫臣\c\作业\作业\debug\作业.tlog\link-rc.read.1.tlog
d:\8.4蒲莫臣\c\作业\作业\debug\作业.tlog\link-rc.write.1.tlog
d:\8.4蒲莫臣\c\作业\作业\debug\作业.tlog\link-cvtres.read.1.tlog
d:\8.4蒲莫臣\c\作业\作业\debug\作业.tlog\link-cvtres.write.1.tlog
d:\8.4蒲莫臣\c\作业\作业\debug\作业.tlog\link.read.1.tlog
d:\8.4蒲莫臣\c\作业\作业\debug\作业.tlog\link.write.1.tlog
d:\8.4蒲莫臣\c\作业\作业\debug\作业.tlog\link.command.1.tlog
