d:\8.4蒲莫臣\c\作业6\作业6\debug\vc143.pdb
d:\8.4蒲莫臣\c\作业6\作业6\debug\vc143.idb
d:\8.4蒲莫臣\c\作业6\作业6\debug\杨辉三角.obj
d:\8.4蒲莫臣\c\作业6\作业6\debug\最厉害的学生.obj
d:\8.4蒲莫臣\c\作业6\作业6\debug\攀爬者.obj
d:\8.4蒲莫臣\c\作业6\作业6\debug\打分.obj
d:\8.4蒲莫臣\c\作业6\作业6\debug\快速排序.obj
d:\8.4蒲莫臣\c\作业6\作业6\debug\宇宙总统.obj
d:\8.4蒲莫臣\c\作业6\作业6\debug\字符串的展开.obj
d:\8.4蒲莫臣\c\作业6\作业6\debug\压缩技术.obj
d:\8.4蒲莫臣\c\作业6\作业6\debug\分数线划定.obj
d:\8.4蒲莫臣\c\作业6\作业6\debug\乒乓球.obj
d:\8.4蒲莫臣\c\作业6\作业6\debug\两只塔姆沃斯牛.obj
d:\8.4蒲莫臣\c\作业6\作业6\debug\p1923 【深基9.例4】求第 k 小的数.obj
d:\8.4蒲莫臣\c\作业6\作业6\debug\p1786 帮贡排序.obj
d:\8.4蒲莫臣\c\作业6\作业6\debug\p1110.obj
d:\8.4蒲莫臣\c\作业6\作业6\debug\p1065 [noip2006 提高组] 作业调度方案.obj
d:\8.4蒲莫臣\c\作业6\作业6\debug\mm的随机数.obj
d:\8.4蒲莫臣\c\作业6\作业6\debug\bookshelf b.obj
d:\8.4蒲莫臣\c\作业6\作业6\debug\axb3.obj
d:\8.4蒲莫臣\c\作业6\作业6\debug\axb2.obj
d:\8.4蒲莫臣\c\作业6\作业6\debug\axb problem.obj
d:\8.4蒲莫臣\c\作业6\作业6\debug\高精度除法.obj
d:\8.4蒲莫臣\c\作业6\作业6\debug\选数.obj
d:\8.4蒲莫臣\c\作业6\作业6\debug\车厢重组.obj
d:\8.4蒲莫臣\c\作业6\作业6\debug\赦免战俘.obj
d:\8.4蒲莫臣\c\作业6\作业6\debug\生活大爆炸版石头剪刀布.obj
d:\8.4蒲莫臣\c\作业6\作业6\debug\猴子吃桃.obj
d:\8.4蒲莫臣\c\作业和\debug\作业6.pdb
d:\8.4蒲莫臣\c\作业6\作业6\debug\作业6.tlog\cl.read.1.tlog
d:\8.4蒲莫臣\c\作业6\作业6\debug\作业6.tlog\cl.write.1.tlog
d:\8.4蒲莫臣\c\作业6\作业6\debug\作业6.tlog\cl.command.1.tlog
d:\8.4蒲莫臣\c\作业6\作业6\debug\作业6.tlog\link-rc.read.1.tlog
d:\8.4蒲莫臣\c\作业6\作业6\debug\作业6.tlog\link-rc.write.1.tlog
d:\8.4蒲莫臣\c\作业6\作业6\debug\作业6.tlog\link-cvtres.read.1.tlog
d:\8.4蒲莫臣\c\作业6\作业6\debug\作业6.tlog\link-cvtres.write.1.tlog
d:\8.4蒲莫臣\c\作业6\作业6\debug\作业6.tlog\link.read.1.tlog
d:\8.4蒲莫臣\c\作业6\作业6\debug\作业6.tlog\link.write.1.tlog
d:\8.4蒲莫臣\c\作业6\作业6\debug\作业6.tlog\link.command.1.tlog
