d:\8.4蒲莫臣\c\作业9\debug\vc143.pdb
d:\8.4蒲莫臣\c\作业9\debug\vc143.idb
d:\8.4蒲莫臣\c\作业9\debug\p3717 [ahoi2017初中组]cover.obj
d:\8.4蒲莫臣\c\作业9\debug\p3367 【模板】并查集.obj
d:\8.4蒲莫臣\c\作业9\debug\p2799 国王的魔镜.obj
d:\8.4蒲莫臣\c\作业9\debug\p2660 zzc 种田.obj
d:\8.4蒲莫臣\c\作业9\debug\p2562 [ahoi2002]kitty猫基因编码.obj
d:\8.4蒲莫臣\c\作业9\debug\p2437 蜜蜂路线.obj
d:\8.4蒲莫臣\c\作业9\debug\p2078 朋友.obj
d:\8.4蒲莫臣\c\作业9\debug\p1969 [noip2013 提高组] 积木大赛.obj
d:\8.4蒲莫臣\c\作业9\debug\p1551 亲戚.obj
d:\8.4蒲莫臣\c\作业9\debug\p1320 压缩技术（续集版）.obj
d:\8.4蒲莫臣\c\作业9\debug\p1317 低洼地.obj
d:\8.4蒲莫臣\c\作业9\debug\p1322 logo语言.obj
d:\8.4蒲莫臣\c\作业9\debug\p1160 队列安排2.obj
d:\8.4蒲莫臣\c\作业9\debug\p1160 队列安排.obj
d:\8.4蒲莫臣\c\作业9\debug\p1109 学生分组.obj
d:\8.4蒲莫臣\c\作业9\debug\p1002 [noip2002 普及组] 过河卒.obj
d:\8.4蒲莫臣\c\作业9\debug\b2012 甲流疫情死亡率.obj
d:\8.4蒲莫臣\c\作业9\debug\b2011 计算分数的浮点数值.obj
d:\8.4蒲莫臣\c\作业9\debug\b2010 带余除法.obj
d:\8.4蒲莫臣\c\作业9\debug\b2005 字符三角形.obj
d:\8.4蒲莫臣\c\作业9\debug\t218119 『jroi-4』分数.obj
d:\8.4蒲莫臣\c\作业9\debug\t192559 『jroi-4』淘气的猴子.obj
d:\8.4蒲莫臣\c\作业9\debug\program h.obj
d:\8.4蒲莫臣\c\作业9\debug\p8226 「wdoi-5」樱点收集.obj
d:\8.4蒲莫臣\c\作业9\debug\p8225 「wdoi-5」天才⑨与天才拆分.obj
d:\8.4蒲莫臣\c\作业9\debug\p7593 「ezec-8」凑数.obj
d:\8.4蒲莫臣\c\作业和\debug\作业9.pdb
d:\8.4蒲莫臣\c\作业9\debug\作业9.tlog\cl.read.1.tlog
d:\8.4蒲莫臣\c\作业9\debug\作业9.tlog\cl.write.1.tlog
d:\8.4蒲莫臣\c\作业9\debug\作业9.tlog\cl.command.1.tlog
d:\8.4蒲莫臣\c\作业9\debug\作业9.tlog\link-rc.read.1.tlog
d:\8.4蒲莫臣\c\作业9\debug\作业9.tlog\link-rc.write.1.tlog
d:\8.4蒲莫臣\c\作业9\debug\作业9.tlog\link-cvtres.read.1.tlog
d:\8.4蒲莫臣\c\作业9\debug\作业9.tlog\link-cvtres.write.1.tlog
d:\8.4蒲莫臣\c\作业9\debug\作业9.tlog\link.read.1.tlog
d:\8.4蒲莫臣\c\作业9\debug\作业9.tlog\link.write.1.tlog
d:\8.4蒲莫臣\c\作业9\debug\作业9.tlog\link.command.1.tlog
