d:\8.4蒲莫臣\c\作业7\作业7\debug\vc143.pdb
d:\8.4蒲莫臣\c\作业7\作业7\debug\vc143.idb
d:\8.4蒲莫臣\c\作业7\作业7\debug\p5737 【深基7.例3】闰年展示.obj
d:\8.4蒲莫臣\c\作业7\作业7\debug\p4956_coci2017-2018_6_davor.obj
d:\8.4蒲莫臣\c\作业7\作业7\debug\p2191 小z的情书.obj
d:\8.4蒲莫臣\c\作业7\作业7\debug\p2141 [noip2014 普及组] 珠心算测验.obj
d:\8.4蒲莫臣\c\作业7\作业7\debug\p1706 全排列问题.obj
d:\8.4蒲莫臣\c\作业7\作业7\debug\p1469 找筷子.obj
d:\8.4蒲莫臣\c\作业7\作业7\debug\p1271 【深基9.例1】选举学生会.obj
d:\8.4蒲莫臣\c\作业7\作业7\debug\p1255 数楼梯.obj
d:\8.4蒲莫臣\c\作业7\作业7\debug\p1192 台阶问题.obj
d:\8.4蒲莫臣\c\作业7\作业7\debug\p1163 银行贷款{x).obj
d:\8.4蒲莫臣\c\作业7\作业7\debug\p1152 欢乐的跳.obj
d:\8.4蒲莫臣\c\作业7\作业7\debug\p1147 连续自然数和.obj
d:\8.4蒲莫臣\c\作业7\作业7\debug\p1115 最大子段和(动态规划).obj
d:\8.4蒲莫臣\c\作业7\作业7\debug\p1104 生日.obj
d:\8.4蒲莫臣\c\作业7\作业7\debug\p1075 [noip2012 普及组] 质因数分解.obj
d:\8.4蒲莫臣\c\作业7\作业7\debug\p1028 [noip2001 普及组] 数的计算.obj
d:\8.4蒲莫臣\c\作业7\作业7\debug\p1012 [noip1998 提高组] 拼数.obj
d:\8.4蒲莫臣\c\作业7\作业7\debug\p1008 [noip1998 普及组] 三连击.obj
d:\8.4蒲莫臣\c\作业7\作业7\debug\new函数.obj
d:\8.4蒲莫臣\c\作业7\作业7\debug\b2004 对齐输出.obj
d:\8.4蒲莫臣\c\作业7\作业7\debug\攀爬者.obj
d:\8.4蒲莫臣\c\作业7\作业7\debug\指定个数全排列.obj
d:\8.4蒲莫臣\c\作业和\debug\作业7.pdb
d:\8.4蒲莫臣\c\作业7\作业7\debug\作业7.tlog\cl.read.1.tlog
d:\8.4蒲莫臣\c\作业7\作业7\debug\作业7.tlog\cl.write.1.tlog
d:\8.4蒲莫臣\c\作业7\作业7\debug\作业7.tlog\cl.command.1.tlog
d:\8.4蒲莫臣\c\作业7\作业7\debug\作业7.tlog\link-rc.read.1.tlog
d:\8.4蒲莫臣\c\作业7\作业7\debug\作业7.tlog\link-rc.write.1.tlog
d:\8.4蒲莫臣\c\作业7\作业7\debug\作业7.tlog\link-cvtres.read.1.tlog
d:\8.4蒲莫臣\c\作业7\作业7\debug\作业7.tlog\link-cvtres.write.1.tlog
d:\8.4蒲莫臣\c\作业7\作业7\debug\作业7.tlog\link.read.1.tlog
d:\8.4蒲莫臣\c\作业7\作业7\debug\作业7.tlog\link.write.1.tlog
d:\8.4蒲莫臣\c\作业7\作业7\debug\作业7.tlog\link.command.1.tlog
