d:\8.4蒲莫臣\c\作业8\debug\vc143.pdb
d:\8.4蒲莫臣\c\作业8\debug\vc143.idb
d:\8.4蒲莫臣\c\作业8\debug\王国比赛(kingdom).obj
d:\8.4蒲莫臣\c\作业8\debug\汉诺塔.obj
d:\8.4蒲莫臣\c\作业8\debug\string.obj
d:\8.4蒲莫臣\c\作业8\debug\p7772 [coci 2009-2010 n2] faktor.obj
d:\8.4蒲莫臣\c\作业8\debug\p3392 涂国旗.obj
d:\8.4蒲莫臣\c\作业8\debug\p2241 统计方形（数据加强版）.obj
d:\8.4蒲莫臣\c\作业8\debug\p2036 [coci2008-2009 2] perket.obj
d:\8.4蒲莫臣\c\作业8\debug\p1928 外星密码.obj
d:\8.4蒲莫臣\c\作业8\debug\p1734 最大约数和.obj
d:\8.4蒲莫臣\c\作业8\debug\p1567 统计天数.obj
d:\8.4蒲莫臣\c\作业8\debug\p1464 function.obj
d:\8.4蒲莫臣\c\作业8\debug\p1372 又是毕业季i.obj
d:\8.4蒲莫臣\c\作业8\debug\p1293 班级聚会.obj
d:\8.4蒲莫臣\c\作业8\debug\p1259 黑白棋子的移动.obj
d:\8.4蒲莫臣\c\作业8\debug\p1164 小a点菜.obj
d:\8.4蒲莫臣\c\作业8\debug\p1102 a-b 数对.obj
d:\8.4蒲莫臣\c\作业8\debug\p1088 [noip2004 普及组] 火星人.obj
d:\8.4蒲莫臣\c\作业8\debug\p1060 [noip2006 普及组] 开心的金明.obj
d:\8.4蒲莫臣\c\作业8\debug\p1049 [noip2001 普及组] 装箱问题.obj
d:\8.4蒲莫臣\c\作业8\debug\p1048 [noip2005 普及组] 采药.obj
d:\8.4蒲莫臣\c\作业和\debug\作业8.pdb
d:\8.4蒲莫臣\c\作业8\debug\作业8.tlog\cl.read.1.tlog
d:\8.4蒲莫臣\c\作业8\debug\作业8.tlog\cl.write.1.tlog
d:\8.4蒲莫臣\c\作业8\debug\作业8.tlog\cl.command.1.tlog
d:\8.4蒲莫臣\c\作业8\debug\作业8.tlog\link-rc.read.1.tlog
d:\8.4蒲莫臣\c\作业8\debug\作业8.tlog\link-rc.write.1.tlog
d:\8.4蒲莫臣\c\作业8\debug\作业8.tlog\link-cvtres.read.1.tlog
d:\8.4蒲莫臣\c\作业8\debug\作业8.tlog\link-cvtres.write.1.tlog
d:\8.4蒲莫臣\c\作业8\debug\作业8.tlog\link.read.1.tlog
d:\8.4蒲莫臣\c\作业8\debug\作业8.tlog\link.write.1.tlog
d:\8.4蒲莫臣\c\作业8\debug\作业8.tlog\link.command.1.tlog
