d:\8.4蒲莫臣\c\作业10\debug\vc143.pdb
d:\8.4蒲莫臣\c\作业10\debug\vc143.idb
d:\8.4蒲莫臣\c\作业10\debug\p8072 [coci2009-2010 7] cokolada.obj
d:\8.4蒲莫臣\c\作业10\debug\p7797 [coci2015-2016 6] bela.obj
d:\8.4蒲莫臣\c\作业10\debug\p7189 [coci2007-2008no.6] parking.obj
d:\8.4蒲莫臣\c\作业10\debug\p7072 [csp-j2020] 直播获奖.obj
d:\8.4蒲莫臣\c\作业10\debug\p7066 [nwrrc2014]grave.obj
d:\8.4蒲莫臣\c\作业10\debug\p7042 「mcoi-03」正方.obj
d:\8.4蒲莫臣\c\作业10\debug\p6723 [coci2015-20165] zamka.obj
d:\8.4蒲莫臣\c\作业10\debug\p6529 [coci2015-2016] karte.obj
d:\8.4蒲莫臣\c\作业10\debug\p5690 [csp-s2019 江西] 日期.obj
d:\8.4蒲莫臣\c\作业10\debug\p4715 【深基16.例1】淘汰赛.obj
d:\8.4蒲莫臣\c\作业10\debug\p3613 【深基15.例2】寄包柜.obj
d:\8.4蒲莫臣\c\作业10\debug\p3156 【深基15.例1】询问学号.obj
d:\8.4蒲莫臣\c\作业10\debug\p3131 [usaco16jan]subsequences summing to sevens s.obj
d:\8.4蒲莫臣\c\作业10\debug\p2404 自然数的拆分问题.obj
d:\8.4蒲莫臣\c\作业10\debug\p2058 [noip2016 普及组] 海港.obj
d:\8.4蒲莫臣\c\作业10\debug\p1996 约瑟夫问题.obj
d:\8.4蒲莫臣\c\作业10\debug\p1830 轰炸iii.obj
d:\8.4蒲莫臣\c\作业10\debug\p1540 [noip2010 提高组] 机器翻译.obj
d:\8.4蒲莫臣\c\作业10\debug\p1449 后缀表达式.obj
d:\8.4蒲莫臣\c\作业10\debug\p1241 括号序列.obj
d:\8.4蒲莫臣\c\作业10\debug\画等腰梯形.obj
d:\8.4蒲莫臣\c\作业10\debug\pgxggl@foxmail.com.obj
d:\8.4蒲莫臣\c\作业10\debug\p6723 [coci2015-2016 5] zamka.obj
d:\8.4蒲莫臣\c\作业10\debug\p8301 [coe r4 a stoi2041] 娘子.obj
d:\8.4蒲莫臣\c\作业10\debug\p8295 [coci2012-2013 2] mortadela.obj
d:\8.4蒲莫臣\c\作业10\debug\p8219 [wfoi - 02] i wanna a feasitor（化验器）.obj
d:\8.4蒲莫臣\c\作业和\debug\作业10.pdb
d:\8.4蒲莫臣\c\作业10\debug\作业10.tlog\cl.read.1.tlog
d:\8.4蒲莫臣\c\作业10\debug\作业10.tlog\cl.write.1.tlog
d:\8.4蒲莫臣\c\作业10\debug\作业10.tlog\cl.command.1.tlog
d:\8.4蒲莫臣\c\作业10\debug\作业10.tlog\link-rc.read.1.tlog
d:\8.4蒲莫臣\c\作业10\debug\作业10.tlog\link-rc.write.1.tlog
d:\8.4蒲莫臣\c\作业10\debug\作业10.tlog\link-cvtres.read.1.tlog
d:\8.4蒲莫臣\c\作业10\debug\作业10.tlog\link-cvtres.write.1.tlog
d:\8.4蒲莫臣\c\作业10\debug\作业10.tlog\link.read.1.tlog
d:\8.4蒲莫臣\c\作业10\debug\作业10.tlog\link.write.1.tlog
d:\8.4蒲莫臣\c\作业10\debug\作业10.tlog\link.command.1.tlog
