39420
43461
59234
47312
58871
20098
43106
37036
44404
48323
40631
37680
20846
51476
39500
26636
58871
31773
22576
21724
44611
34394
45002
16408
33851
32116
23795
35298
36802
41577
57350
30153
27199
39299
20981
34084
21991
45000
35011
19289
35608
8821
40536
39849
33372
35519
31100
50290
51175
13639
45380
37940
38007
45963
42731
27959
40317
36247
47474
7087
37329
37696
34962
26309
26701
27719
26757
46988
43868
19563
22269
40917
25561
38702
32677
26302
37890
29931
36940
49185
36344
23537
35852
24742
34215
30095
20774
46702
28756
39849
35519
42873
46988
40020
52714
38316
33645
27312
23282
54672
37810
31889
43192
26198
31711
37010
45351
38404
45453
37036
36478
36693
40320
29349
29585
30704
51271
39498
35438
41460
14643
40653
36357
29739
32014
27419
12438
32436
21540
45922
29017
27335
40370
31725
44954
38368
47275
38004
52902
39246
35993
52142
46358
28880
35551
28670
49185
46707
35852
34578
14697
15490
34713
48741
41522
44180
5631
24105
29008
38044
22553
40593
17726
55396
42721
39886
39500
55535
40454
30862
59234
47854
35685
38479
37156
28118
32495
37278
26484
34503
27231
51604
26245
40450
48741
49461
35912
39641
22674
44959
27502
25047
32227
39626
37278
26701
19289
22275
38407
36856
58871
39886
39233
50405
42751
43873
42829
35132
32495
55272
38312
38047
46988
32999
41917
54846
47984
39299
22752
43728
26612
39090
16242
44959
38802
19273
56139
15175
29076
30307
42744
55396
29735
31754
40576
31993
59234
26821
41703
37824
22961
35519
25046
36856
40538
29153
43417
38677
34479
59234
34622
41424
22142
25741
32653
47560
24311
44407
39637
38423
41715
29446
42731
48778
37680
40917
43332
29164
40184
36638
33619
51094
47631
6281
29846
32699
19717
32255
36213
47579
42769
44742
41353
23328
42715
31043
52205
44726
28014
28792
24051
27967
50290
14066
37653
20515
29349
42742
41169
33338
52142
59234
23282
32108
28048
46778
58871
47474
19660
25255
19297
36856
24248
27913
49817
44564
46163
33584
25400
38638
42008
34526
27121
29072
38021
40593
39420
36286
25161
45402
23264
28856
51120
46163
20579
45879
40883
39886
33941
43400
29742
47865
58871
40980
36255
39578
27929
44619
41851
57873
44742
39147
49461
26695
39093
27583
36395
23884
31210
38789
23537
50704
26157
36640
53828
27918
5631
37814
39246
22416
24852
37036
43392
15541
39473
24687
30862
29592
29543
32930
44671
16979
18704
38044
49185
58871
49461
50050
35031
26954
26622
47390
36640
48323
36574
50131
27984
48974
34943
58871
38948
32226
38321
34636
36264
25174
19008
36185
28289
31674
58871
42731
25000
39470
33672
25424
43332
59234
25416
32173
24764
36478
49817
49461
43381
35881
36842
34108
46988
28856
36398
28856
33827
40005
39886
25371
39599
24631
38312
28856
29538
34908
22339
29526
23684
29136
34126
35852
33057
20657
23282
33293
32475
13428
37696
26579
21319
34845
31908
27943
23367
18075
39832
23621
25013
40917
58871
54846
32682
32124
42898
20888
41189
32892
39118
34317
22775
17848
26337
53828
33678
45953
31071
35132
22800
22269
35582
42575
36011
33645
44412
25271
40917
43004
39646
38843
44150
31200
37696
31684
41373
24248
39071
57873
36468
35852
42015
39716
44437
42898
40446
31413
26495
38886
57873
21305
39341
27913
39157
30520
30177
26569
22748
50553
57873
29100
23594
36940
34372
45380
39341
51604
38368
29687
37564
37653
20175
55562
34721
25648
27327
30904
40924
37786
42744
42762
34713
24609
31388
30675
54231
38407
25580
47550
46175
41484
31501
33311
13292
42744
36896
35080
43883
20075
37617
54846
53390
46376
30028
40957
19687
24141
31720
55693
13827
40245
27812
44047
38407
27334
45002
30445
34943
42424
43868
33918
25754
44954
42715
20451
39473
16817
44953
28497
24057
33228
44319
26422
27116
39433
25074
27309
39814
28600
29043
12521
36640
48641
22411
52947
41129
41957
34130
27045
43381
42744
53828
36138
52625
47340
35129
13472
11274
26198
49165
52205
36398
37953
42205
53390
30876
44188
41156
52222
47986
28856
35225
44742
40222
26361
34452
21741
31184
39814
52002
29762
44867
45724
28110
25462
42744
30571
39695
31832
17515
36185
45537
44863
12015
42071
18537
47579
22269
58871
20973
22081
44873
39071
30095
42762
13768
58871
45525
42113
36802
35201
29136
17568
33580
41374
36674
7401
41053
21426
33338
36109
37956
52947
38702
37216
53390
48272
52947
33049
39847
44742
8821
58871
40533
31301
36256
49185
39849
35362
29984
41957
38453
15439
31868
40653
24540
42134
28114
36868
32503
36678
38728
40883
44703
29702
21632
29307
29677
48244
29457
33381
36264
33254
32173
26311
33426
40314
38777
32799
29744
47894
40013
37382
13705
48989
16544
39090
24518
37036
19443
32313
44791
36856
40447
31957
22541
28945
38107
30653
32139
58871
25000
30980
36482
40593
26820
27199
39951
29217
35779
25565
31533
38202
31179
25110
28227
58871
31349
37696
48722
33141
34713
41374
34141
45724
42762
43183
50429
35529
34452
35158
20973
32173
35975
24051
26014
30189
25697
53390
38863
27663
40575
45525
23301
22838
38421
35699
48323
38006
38479
37696
50665
36200
34039
31705
27514
49643
38044
46968
36522
59234
43318
52222
46611
33103
39563
35130
36885
32694
15490
17652
40391
48989
41703
26820
25163
33057
46755
38863
28929
33408
23191
35505
35519
40452
39152
27686
37306
31889
34291
44813
36213
29888
22922
36432
41484
41705
33541
35352
53828
36502
51427
31506
39596
59234
35102
31709
44264
39916
38470
11206
48706
49420
40490
40640
29555
29904
58871
41426
27490
39282
52738
14499
21296
29846
39670
42781
28926
21714
43436
29904
36761
49185
50403
41508
46321
34452
43872
35647
18515
28600
33513
33338
24472
40708
25360
46264
24640
31908
38492
44249
36213
35640
26821
34019
51427
28118
35044
11377
37381
37137
42744
44872
21226
33541
57873
44959
44509
35519
39341
30942
30591
20067
27583
25867
34622
22541
33172
41692
17015
57873
44959
34723
37822
19854
44142
39751
49185
50626
26099
42968
17299
40299
38695
51361
28813
45453
42731
36357
32599
20061
32156
35659
33769
54672
17019
40917
58871
36213
18684
41565
33708
37122
34463
48323
40924
50906
21954
30095
26254
24379
32014
47668
43667
43360
48072
59234
58871
21249
51427
37813
34196
48072
39832
30326
44627
54231
37246
34741
25998
42780
44954
27845
43689
39716
36545
29585
33205
43899
40601
48974
46988
44641
52790
28419
32575
46778
27568
34282
39157
30729
25201
52205
28102
44959
19199
45563
30740
29596
47474
32661
35512
51739
27781
39335
41291
41517
34503
51532
28046
30906
34578
23069
40024
43340
28736
23241
43872
46163
36852
33767
24423
33751
40592
51697
58871
38796
32350
49165
39244
37680
27231
32799
38407
42489
32103
26757
27700
46158
20451
47911
41717
30882
42297
39071
41709
40498
58871
58871
42731
40317
43106
35255
18816
23282
39886
22339
44844
41813
52222
55562
37620
4052
42744
59234
36323
47829
23503
33315
46707
18537
58871
16870
47082
36311
52947
45294
21714
34282
20669
38047
29577
33101
32575
27698
33646
36802
41703
20973
51345
39510
37452
35708
40317
30230
30177
36200
26567
25601
31754
42449
38312
41808
38479
42375
49076
44564
34574
32322
35565
54672
45453
40450
35726
55693
47865
33568
43839
23707
37654
46169
29777
29904
40454
37653
52142
51604
59234
29568
40220
27080
55693
28701
58871
31783
11925
40317
33248
41741
38014
42262
31779
33057
23206
39341
21257
30632
30165
56139
43004
39007
41692
41725
36262
34964
30592
25169
40926
39157
35356
24472
37667
44959
24159
58579
38787
27925
24640
26844
28167
59234
32505
34282
40212
28728
21991
40883
36264
40917
48538
53828
32139
30696
38833
20466
29368
30354
31200
45724
17807
16589
58871
18371
27759
40593
40879
21908
31388
35715
26482
25658
33817
44866
30054
32996
45358
22748
41413
14016
33195
23802
35345
12731
33368
32879
39886
41767
39475
42744
30560
41125
30876
34161
33254
32325
37227
30704
27281
25622
36640
47279
52222
55693
31711
30675
27614
44412
12924
24528
32738
35328
52738
40245
38122
27036
46291
44959
47340
35959
45297
30569
58871
45772
23623
30609
38005
32331
28287
32203
17625
52222
44151
21886
34458
43004
35435
39263
24997
37503
30151
36390
53828
3945
43527
42690
28890
40245
37890
20738
35091
22421
41917
21033
43872
32799
46988
44878
39165
38243
40197
36482
37304
34622
28287
52714
30882
42424
18073
52002
44038
39362
32226
37095
44244
39053
51251
31767
45999
51361
58579
43279
56139
50131
34282
10375
5749
38941
38580
31501
40173
32945
38928
24540
27991
40855
47579
29735
28094
30878
36326
48989
44276
39886
46211
43381
50405
22386
39886
26321
22269
23367
50131
44151
41643
39420
23954
31754
48741
35353
30553
32638
34891
22597
29469
29742
34680
20407
39892
21739
44105
46308
26166
34394
37478
44993
22557
37329
37537
24545
40189
33186
51175
20006
29571
47865
18164
46707
40245
36872
26146
36868
44244
32033
36200
35938
19660
20293
36056
39012
25658
31239
33053
28963
32972
24217
45380
31099
29742
49461
46755
32287
39641
34719
35779
39153
29570
32725
58579
36288
37306
36856
47474
45700
33254
37786
33254
28935
41896
44134
22212
20864
41316
22775
30722
26579
20175
23130
53828
18570
35065
25046
37660
11817
32738
37185
58579
33140
32464
33622
31711
40097
32078
27190
24271
53546
37329
50749
39628
28902
31684
38058
35288
29762
44244
38577
33254
41914
42669
31711
36011
41703
32828
45527
32495
30445
41454
34976
45380
47312
30313
23282
32343
32843
34578
39341
30032
43340
53549
28670
57756
32230
39470
27850
27449
37995
37927
36304
24997
28749
40015
15488
41235
39077
21739
38364
29383
30553
40669
41493
30456
33049
45453
42685
28670
57873
48962
33876
45002
17730
36761
32987
28550
21991
43763
46858
29062
38810
7861
40593
25793
59234
14248
40924
33049
41125
33584
41808
50405
40675
18064
42744
29846
45965
36478
33375
36341
42873
36124
17064
53828
27553
22131
35352
29104
42408
31129
30854
22269
37696
48974
38695
40184
32008
42731
36856
41353
48088
35416
53232
32061
44407
31388
38191
34622
57178
26803
41737
42424
30991
30795
38253
43106
29088
50665
42744
42026
46158
55693
38483
48323
41957
41814
27540
26067
44188
41170
38474
43983
20478
36166
27199
29561
41374
46169
31688
52142
41629
36872
40401
31330
40452
30212
40664
36640
29558
42113
39849
37717
29500
30385
40245
35057
33327
34741
30375
27076
40593
40125
26909
42968
59234
30609
37894
47649
43486
53390
58871
23428
39118
40064
30366
41121
45297
56139
49185
37791
28050
35659
48008
47340
53390
32133
33100
34247
37329
52205
26299
35362
30445
26579
20864
45002
35656
30427
14470
34413
44959
36056
32775
59234
30704
35438
40161
48323
23862
38638
31670
9458
27812
36078
24536
27083
43192
36318
17807
39246
42744
47986
38748
24640
37855
25587
45067
24248
39646
8821
29123
33057
32033
26823
26811
39165
46707
25896
33014
34303
31888
21319
46988
28670
46107
34635
36374
25460
37562
25998
45351
20953
42680
51604
32342
15175
25407
34399
40953
47474
59234
57873
27143
37272
39420
41896
30715
28014
35519
37840
32343
33284
53828
52205
39341
25698
46304
50553
27556
25210
41957
37786
27868
33057
29171
26657
14922
49185
15425
45527
40212
39130
44993
36357
21600
52714
40917
42987
52790
41038
29735
15439
44873
39246
36726
42968
41522
58871
31247
36110
31754
43318
32495
46755
45099
46509
19343
40917
37511
43332
51697
27614
27404
33122
44214
28670
26099
45724
52002
42634
50553
31200
44404
35061
41737
33753
33813
37329
51697
16454
39417
37041
40454
33254
50749
19881
36252
42153
34302
47986
46988
27929
28660
42780
19220
36604
29904
45563
59234
44404
58871
25419
35317
31946
30748
47227
46417
33186
8821
29224
40299
45724
53828
37872
34280
44598
24063
42715
39051
52002
36276
24469
33989
59234
34613
30943
58871
37653
33177
34590
32538
22321
10585
49420
44863
52138
50131
22434
47474
16817
31326
31109
27206
30716
47390
19800
58871
47550
43106
41662
48635
28051
50553
29526
37680
26254
16310
25607
44962
31649
44726
26094
40755
27965
20744
38413
33027
39628
21316
44902
43004
43392
36940
26197
28856
42113
19782
17261
39886
52714
48610
25840
37329
35078
24640
54231
42792
38407
48191
44641
40184
35317
48323
52002
26981
37381
22934
29153
35974
51739
44981
33150
58871
33881
38830
34606
42923
26133
24996
57350
19273
37294
29193
13056
12352
26732
35352
14432
45679
28175
20741
32145
43106
11908
28891
22853
15889
31889
39090
41371
36640
41941
24051
35997
29261
42375
14018
37193
18197
45351
44175
39048
34969
25561
35732
36213
41886
43340
22275
38886
26302
41929
31039
33049
27404
55396
24295
44902
38469
34228
44787
36719
34419
25561
42568
35640
47474
18250
32599
34067
48083
44726
39093
52205
22829
59234
29415
32465
40184
44753
53024
25000
49994
32611
46169
45380
27202
39514
32902
27906
26206
41129
51175
29877
40593
27867
42744
35362
40299
34613
38367
52205
46321
41917
33186
51604
27925
24927
35974
30792
35519
41218
33265
46968
48610
34291
21422
48114
28366
32095
42113
41038
33418
51242
33042
50405
29931
52205
28807
29191
31506
38774
33863
37760
59234
38953
34308
35608
34963
37819
35214
50069
30396
38474
38020
31485
47474
30981
48786
32980
30212
34089
27984
48266
32638
39849
28126
25554
26630
37258
58871
32809
39335
43872
49165
32255
45357
38453
43400
16151
39335
35451
30876
17625
23830
46307
32576
24469
44895
46308
21102
25482
34282
52902
22202
24035
29010
33072
18123
32879
34544
42873
52790
33820
35486
28501
53828
39901
46988
32132
35519
48072
59234
30218
21038
40245
39832
37306
30214
6346
52714
27199
18904
41703
43830
30895
48797
16204
20136
34827
22269
53024
36213
20433
42715
37653
46080
31649
37258
36315
29346
29585
33101
16715
12755
44952
32398
27609
31413
37496
19921
34500
28864
38366
29123
35602
32536
33069
27898
33513
39470
44525
15445
25754
32667
35102
38822
28287
37095
34643
36640
47940
26612
57756
30951
22934
51094
22269
16844
35105
40725
59234
31200
28550
55535
35808
30099
47580
28912
36708
47324
30146
39832
40220
59234
39832
37381
37475
25443
27289
36783
39024
36213
58871
36213
42439
46568
44705
36482
37061
31378
33989
29944
46158
28169
18699
29533
32495
34785
14695
22306
39886
51427
13979
45380
35732
51251
38312
46707
22775
44449
23849
38638
26579
33822
28287
21492
42680
46988
38312
36640
39646
42375
20493
28014
42568
39886
39191
34590
57178
29010
35132
44255
43873
23727
57350
22269
42744
10334
28340
34722
34908
25272
47911
34420
38054
34985
48282
30125
44641
43340
26254
59234
33049
25801
41413
30653
29010
29558
29730
37696
42080
39863
46149
30151
40669
46815
43868
43340
37594
50405
37492
46308
29342
29320
30917
38439
35288
40245
42543
20266
35786
49076
47474
24203
56139
20525
26997
37869
32495
26742
34943
21555
33822
36110
58871
48323
38358
35362
34399
26890
29017
15501
50749
22966
36390
44959
27984
36138
18073
58871
24051
22555
39498
36719
36640
26579
58871
24540
36236
20511
40708
27404
39898
41741
24644
38785
59234
31896
32193
18816
44134
40184
36050
31316
54231
31996
31135
52738
26015
38353
17294
42868
25000
35129
32900
42715
31461
25684
25634
52738
37680
46158
38174
50553
59234
36718
39814
37456
37538
16909
58871
30905
38107
40953
39847
39628
57873
45953
37211
44791
25924
52222
32464
50405
42113
39646
17998
43106
36831
48849
38468
24352
53390
13554
26557
43279
19308
33631
48312
44953
46988
48323
31192
35239
39154
39923
46158
39599
46175
41223
20067
42744
32879
31297
52738
27116
19703
36200
27277
38886
41117
36900
43217
40939
40447
4861
32226
37246
26344
25242
25180
36156
39101
38728
27918
35132
44611
42424
32423
48323
28023
41424
20466
15682
44791
26757
32908
19484
35132
18155
21057
30038
45812
43372
27799
43980
38425
49165
36484
52738
25424
43106
36172
36949
34574
22641
42153
30177
47940
34851
38143
34454
39886
39247
36783
28200
14056
48075
49185
40669
45706
35163
19165
17807
46988
40528
45393
34135
30366
39154
41703
58871
36362
44372
34436
49461
27521
29201
44497
49461
52125
26742
46843
38601
51175
30305
37318
31664
57873
36200
59234
36152
39417
23612
22383
32802
38044
43500
39470
28856
38032
29193
43004
10224
42898
56139
40669
39071
34463
35488
30576
19774
37036
46707
36982
40667
23535
41460
41737
42968
40879
23193
17986
46988
38404
32464
51669
46163
33260
36318
38486
28715
48323
36318
22391
44959
27698
30963
33043
45453
52002
35102
41703
44791
27991
39071
23367
36213
20782
42124
25028
32110
21185
58871
27683
15364
35993
41408
48415
32343
44703
59234
28491
35221
29543
32677
22416
37940
48413
27929
22269
37329
40005
36969
25419
19943
44791
50553
32823
33618
36390
39829
31630
34130
48974
38953
44400
39628
34574
48266
57873
45724
46158
56139
44450
23359
26022
40184
28287
24536
25879
31909
39646
18691
59234
40917
37843
46988
28368
37452
48344
42869
13428
32112
41851
34470
32038
30955
34752
52222
42762
33460
35982
35752
31889
27698
25253
37973
26442
25875
26157
30605
47365
46988
21456
36200
38810
32302
36922
41737
27302
39814
28118
38810
37598
40401
18075
50553
42792
46674
33822
21050
23257
36138
27904
30066
57873
47341
31833
45525
25462
52002
30883
38796
37505
35540
36792
51094
31071
33409
23104
21871
40593
32377
40939
34964
37956
32014
31026
43868
52205
39333
25462
21739
40917
43978
22883
37505
41413
42134
34721
46988
46988
18691
26757
34278
44808
37751
37359
29904
41629
12456
47255
52142
36484
10334
29095
34853
53828
52947
35852
33122
42424
27967
24122
40664
33101
22041
36920
25714
39886
42375
34452
27698
32355
38810
40024
39157
30387
41741
41125
41426
17862
58871
43381
33275
44450
29301
47986
32561
4944
36744
30707
21426
33957
39071
21592
49461
34972
47986
31520
25423
49185
42175
31179
52222
45086
47550
38312
21349
24318
26557
31040
59234
44791
34567
45772
41808
41161
45673
21296
47275
33708
43115
37036
28670
33830
38246
17772
26929
42923
22275
36236
37359
29717
26808
29702
32667
43008
15156
35779
47579
38021
34474
47275
25893
35189
17060
30863
24698
46988
28572
45907
34247
17807
52222
34590
31009
46274
35132
34278
23264
41454
37522
37598
30897
47940
17960
40184
43827
23270
43872
47340
45772
33031
45920
38384
44596
18089
42205
48807
41484
39832
35214
25000
24830
35688
34721
36777
36357
20515
38488
44482
30722
33941
33338
40751
27419
45297
31494
40076
30628
38804
38191
28044
27965
30066
47761
29080
56139
40758
38253
37696
34610
54846
20376
53828
40917
38695
38243
51739
25126
27583
32343
28670
33806
46308
36860
36755
22275
27327
41161
32310
34116
43899
40032
36318
48266
30092
45724
44319
28058
48415
35132
39154
43192
27393
33951
32883
37887
52947
7861
39056
32193
47302
18878
53024
33254
42744
46031
49420
57873
44787
31981
36557
42762
30675
40184
37211
36522
43730
32418
20537
30749
42898
30218
30063
22202
37452
44742
46716
51669
34950
40343
42770
40883
47560
22473
26757
30326
36398
39213
30942
55396
35416
33661
22644
24201
44959
33635
46707
9897
33254
46568
49185
25622
40184
31868
13820
33426
45891
28947
55396
50405
24830
40593
53911
43543
47631
42744
44279
30081
34574
29558
34303
33941
47865
51427
36185
18092
27614
20657
31200
26636
36436
44390
48072
17059
58871
28285
39071
45297
36166
36318
24035
37258
58871
39886
32289
39786
46716
33802
47668
32033
29735
35519
58871
35105
39260
40519
34116
30081
25924
27650
30445
58871
38479
33712
37405
29890
18537
26780
35352
45057
58871
58871
42684
41935
37696
36545
57350
55693
36312
26592
34413
34153
29145
37483
51669
52714
26871
20553
37696
27866
30653
33866
25676
34413
35032
23900
18199
44412
36398
46070
42015
47312
26909
41129
47312
31026
13317
26111
20414
40963
41522
37408
40705
40184
47275
33140
28835
39308
37036
31814
27023
20015
37721
27555
26959
36312
43367
24859
44753
30063
42873
39832
35017
21254
43570
30212
22180
38785
44791
53024
45099
27501
3945
43942
31297
38441
32577
31069
29596
38423
57873
49994
37579
49086
26321
45811
34622
54846
39600
53828
29862
31069
22113
49086
34574
27698
52738
30560
33705
32208
33401
34510
20759
47579
15218
46988
45700
45380
39847
36357
26668
35251
35512
36954
42452
23447
44244
27893
23069
40197
38628
46158
35100
46472
28691
28185
34636
43106
50749
51361
36304
29796
32549
32333
29795
54846
38928
27146
27190
42850
38364
58871
22659
38407
30103
40454
42346
29762
58871
36802
19013
42307
58871
35031
32237
58871
40943
36862
30066
45724
36896
44627
31647
56139
48008
52222
42989
52205
36640
32538
33753
18288
20098
38728
25208
42782
43106
34247
35519
33057
27766
41413
33675
36398
32276
52142
27925
40917
39260
44954
36432
32360
39599
37452
25795
42873
27698
37819
31889
42762
38474
44641
42424
29321
40883
58871
39227
36200
42780
42920
41513
41648
27411
32391
19748
21698
32799
13113
36091
24742
34015
51427
33460
29618
59234
50749
34516
44954
41291
41374
27202
52205
59234
47631
34590
30680
22264
25443
20617
51095
52902
42894
46707
41374
39417
40245
44959
34464
34343
21698
39832
38120
27442
37819
36236
36613
5439
53024
59234
40973
19774
36290
36354
24141
36286
39191
39213
38024
20511
40450
34943
58871
37791
40448
23623
33941
57873
28019
35166
41419
44412
54497
47474
25424
39420
46508
25194
24644
39596
20838
39071
30678
49185
43567
59234
35680
33629
34730
23481
29291
44509
15154
47474
28050
40062
47894
39042
37994
38147
36783
30212
44641
29180
46274
52002
38316
29062
34713
36920
37304
46843
23626
29898
22727
47474
33052
51361
35519
33020
12172
32538
20089
34560
31014
48622
43412
33476
47474
34167
34471
44726
39849
21739
51361
36831
15647
27906
38004
46988
59234
29904
31602
32209
58579
51669
37156
21202
32260
35032
37681
33784
24758
43872
32638
41228
46656
37061
38796
53828
25000
44059
37874
39500
37696
28926
21559
35352
42731
37840
55562
45312
48974
35284
44737
22269
15099
39716
18185
39886
21790
37454
31063
38914
58871
38187
44908
28670
28119
39886
31199
38682
26157
32481
54846
36777
42134
48323
41705
52738
44059
26631
11817
33660
20574
58871
44742
24644
49216
34130
49185
26298
38695
41187
48741
30666
40883
40999
44742
29059
59234
39042
21886
47894
48266
28670
32467
39996
46568
26130
52142
37680
50553
33254
33817
32638
34562
35008
46308
27681
28459
54231
31274
35353
47911
29991
24217
25026
38334
29443
39832
34840
34089
25879
42680
58871
19898
34036
34130
52947
41161
32337
41747
38355
49984
29017
22269
33381
31810
31129
35830
14091
40879
48951
39475
57873
24048
37036
36274
26480
39173
37803
32999
49185
30749
58871
35941
25220
29479
36275
31043
33231
39174
24604
53390
34399
48635
41928
45737
29702
53549
24950
44641
47474
52205
24657
27614
29136
33895
58871
43720
36326
41703
23181
39563
37478
58871
30560
26836
53390
38423
25977
43980
38705
27968
42945
48974
46163
46274
43827
24644
37660
41957
44151
39118
37696
34672
18288
26475
40184
17120
57873
27411
58871
24051
56139
17067
21427
52409
38483
33560
38789
19289
37956
27683
35443
32879
42744
38479
34964
29585
40917
44412
34110
32643
29993
59234
40061
58871
34463
44151
47474
35435
37727
34457
24248
38966
28926
29193
58871
38246
40593
31705
28001
34291
47580
59234
21185
29191
38765
39792
35300
33014
47082
42744
29204
51604
39223
45380
32198
37036
53828
46755
50704
30898
39886
34282
38802
52947
36357
40568
25124
45646
30035
52138
29437
30266
31833
56123
43414
36374
24644
21243
41697
38024
22246
10334
34943
56139
48323
32343
50131
25924
41878
29429
51361
31533
37696
11817
26344
7609
38628
50704
20462
29533
29456
31413
32507
38441
36856
27991
35968
45915
44327
46149
48974
38785
45724
33101
40015
30212
38243
51604
17638
34252
36640
30077
36630
46988
27266
36033
35129
47320
31609
40958
45297
38716
39249
30514
25879
42544
33822
39712
46163
33396
43430
35640
48144
29264
41353
53024
30177
35974
32008
30353
25047
53828
24409
51427
38297
49185
33513
47216
30683
49086
42873
44791
40883
39683
27891
53828
34292
40917
45833
43106
33401
47621
35715
37840
20098
47720
23948
38928
40879
33186
36056
35715
33171
35438
38134
24040
21997
36478
39260
38966
39246
40883
32035
27113
35370
36056
30876
34620
38368
40024
49461
29193
26054
18547
32495
13700
45724
38695
51469
35938
36640
17807
45621
40883
21343
39586
41508
49185
26202
58579
25000
52738
26664
39651
33020
40370
52002
23701
47579
26197
38246
22275
55396
46988
37036
53390
37496
30947
20818
58871
31043
30518
30749
32961
39077
31647
18537
40221
46988
21954
55693
19130
34282
59234
34193
26668
39886
33645
42740
21291
44821
38677
40917
52947
34722
18203
28347
42744
36761
22166
30518
42762
18685
41484
38021
37101
36170
46950
48974
38024
21553
20523
37061
39224
44265
35687
24577
36013
27292
40926
44641
21875
48053
46509
35011
29852
28368
37594
3085
51476
39849
36522
44564
30749
25000
39886
36716
53549
39832
30323
36640
56139
42787
58871
31888
31668
46227
20838
22305
47621
28014
36659
47661
13470
21225
25545
24020
53828
28788
28749
20451
34943
28808
36620
23773
33997
27199
39152
20659
31337
30476
52738
36831
36398
22641
53828
49420
32827
29993
40184
46988
58871
26579
44791
34713
38021
17161
37890
28227
43381
39603
45036
30661
23269
17664
40488
35862
59234
39832
41076
57178
33957
41483
22416
43500
38368
33460
19571
41692
25443
36862
32495
44791
43872
35685
42713
36058
47109
48741
47733
27199
30080
38777
27893
58871
33404
12899
52738
47027
32577
38423
47474
49086
29589
30189
52738
47082
52222
39165
43242
41917
30333
40064
26321
20414
40013
40052
40318
30147
23738
29088
38483
40596
34622
36864
38312
39886
45351
29558
40953
33177
20746
22339
29904
47275
46988
36354
41129
39118
51094
25706
48323
21994
38833
21928
31297
45067
27401
46702
28220
52002
26748
34241
54755
37522
27566
28287
28943
38024
33708
47275
27231
32484
58871
47621
29735
34622
43690
40454
46031
45953
44500
40245
50827
37282
41539
47580
36252
30865
37522
50749
25061
40221
28560
47082
32230
39316
31708
36130
27510
29064
34653
46707
23537
23751
37680
32464
47082
24540
25879
54231
33513
51175
38677
24204
57803
33448
23371
41161
21307
31957
33747
33491
52738
27962
34292
30165
38928
37680
38006
42081
52738
28287
59234
35343
49461
37453
39886
37903
32432
33958
45297
39341
44641
32879
39716
53024
42404
27925
20462
34282
44449
36008
29010
27967
54672
36123
21632
40454
32799
38273
41522
18704
21763
18816
20451
40032
36151
33658
24248
57350
21291
48266
54846
32719
37227
42113
46163
33418
22305
22269
42634
28044
41129
23494
34439
33053
52222
23727
44878
47560
36312
41851
39614
46755
37973
29993
50553
50749
22269
17119
32856
39849
38355
41374
48962
49420
47340
59234
27945
27866
32145
33853
19272
39053
30103
53549
37545
34021
40883
35007
43986
34463
30191
19568
52947
40412
30564
49461
37756
35132
27355
30518
33461
43983
39514
48974
25194
49461
47082
45380
36640
40299
38039
49185
35993
38928
41593
37626
44791
43527
33338
24998
32537
58871
53024
38746
44117
53013
41038
30918
36949
39609
49248
40452
23727
53024
42713
31043
23204
46755
39820
32441
30159
27965
18825
44962
43543
32193
36196
39879
38822
47999
43743
36236
47443
29558
36644
23820
44993
38426
34047
32897
18288
33103
34292
42272
36341
27146
39886
18819
34590
29368
26570
43392
42056
54231
46988
44319
27226
27965
37254
36922
44791
36068
46308
21918
33069
50749
35959
21202
46755
27918
36343
38945
22706
31647
25271
31349
30178
45922
31705
33830
28895
25989
40771
12116
24996
34047
59234
35832
42744
30882
43872
38928
29669
18288
22504
39634
49461
28026
35352
44138
36290
41662
26757
43504
40883
27906
17625
39767
59234
36944
37085
39157
50553
42548
39866
57350
36965
19914
52205
30095
18092
41692
24215
50405
40013
34291
6281
21877
39500
43106
38577
43340
39916
25754
40883
35044
46988
52138
36777
19868
42762
37786
52902
36357
46376
17462
35132
27880
20773
35106
26475
46778
35688
37936
30729
37095
18589
38602
41228
35132
27845
30535
45849
46858
30507
31439
33100
35315
5537
42568
34399
27683
8821
50749
44908
42685
24754
52947
38802
39886
37973
50553
41076
43504
50749
40020
49994
38810
21849
36640
41151
36291
33801
37368
48741
39111
38879
44583
52222
27832
46755
42782
22455
33118
38439
47854
35522
52714
28234
29204
9118
40593
19757
29365
35852
20098
32343
32164
20223
35273
35832
23162
50790
38787
42923
38639
17807
26157
43852
49185
52947
22269
20181
32337
41864
39218
29282
31129
39341
34576
44059
43318
40083
41374
42687
37112
24427
30212
40883
41638
27302
49165
46988
30796
58871
35412
38496
51697
18817
38407
33057
38822
35215
45621
13920
43052
19785
35974
35433
59234
47474
40593
16163
37607
35102
27007
38789
38003
30635
29302
37778
22681
41508
39099
42731
48538
53828
27614
35840
28894
45385
35519
18537
33163
42680
41851
57873
45737
30165
40483
27849
38785
42776
18584
32538
34157
48354
33426
34547
40653
38822
47931
18164
32879
48061
52738
46988
29558
20744
24063
26166
32980
17120
31758
35656
40816
40060
28723
27069
17161
32560
59234
35174
38845
27449
32876
33122
51604
42898
25110
27226
28118
40583
32820
24404
54171
30082
37282
33878
34452
41703
20451
14403
52142
46376
35102
17064
44279
48722
31330
32667
39071
46988
34323
43004
43106
45054
36124
57873
27967
31725
45168
46988
53390
22771
44962
36761
44791
39832
22074
27345
34643
38638
42985
45351
49420
29302
28728
36232
23503
41522
52205
27266
17305
30313
52738
24927
28180
37727
30081
39599
50131
40953
37306
13493
52714
33057
47324
48282
40184
30884
42850
41508
38321
47894
33354
10677
52947
33254
39599
27959
41291
30445
48061
38469
44742
24609
30683
41957
42770
38830
49643
38994
43573
30723
31297
38682
32226
35132
32667
30140
35448
36170
25754
44188
38412
29368
28799
51669
59234
32162
45294
32110
59234
47865
35519
32902
45312
18816
22413
43543
34722
49185
30389
27849
23880
40879
46158
44742
32139
40245
30839
48323
49817
54231
13056
58871
46852
38822
28660
33254
37405
37453
20451
34110
37620
48323
24549
34578
30992
43436
41917
25110
41833
24456
24463
25166
35031
30852
14186
39662
40593
36152
39177
44118
33406
47579
37452
18691
44726
46988
31041
37085
39886
39712
48019
46291
46707
35752
44791
33696
18363
28902
36640
16926
43279
39191
46376
40589
56139
39475
53024
41117
52222
29307
36584
47560
40883
48142
46158
36312
39641
38970
39594
45057
36315
34964
41452
39886
21406
28112
38163
57873
26485
41424
21825
24057
10027
36168
28058
21540
30313
27968
38785
46308
22463
26067
48786
30697
25136
41353
44151
49461
33904
25954
40032
40653
47668
39596
27122
20098
15455
57873
29307
45136
31754
40883
40083
50636
35519
32667
39951
32638
21991
20466
33631
38594
33989
34622
17986
37935
34361
26757
31868
24267
35775
34361
36142
31413
47865
27614
37162
40883
32173
58871
37074
29592
41217
38253
33101
42680
58871
38312
31043
38143
36304
36640
41741
41490
34753
36314
33941
37620
25641
55396
32195
25998
44712
39600
38810
27967
51604
23282
26018
43078
46988
37036
39341
37653
50131
21991
24255
44882
37471
47986
26110
41957
34021
42942
51604
32897
43241
38810
30147
41864
40554
36398
37890
38423
38334
45799
34662
24752
31896
38822
55693
48622
25077
31909
32561
40184
36213
27962
42782
38246
42375
45453
50405
33100
38331
39462
41915
50405
24927
48721
40333
39716
35362
26612
53828
37696
14499
32838
10969
22024
37760
35288
53828
44742
32035
37653
26757
39500
18250
48622
40669
22563
