9031844480
9031844480
8881955601
9031844480
6863701442
6863701442
8881955601
8175847838
5908935204
8175847838
4802210038
7751070799
7169109460
6548630853
9031844480
8175847838
7990438906
5776184797
8819523718
9031844480
7410391826
7410391826
7393353603
7014007283
7420862640
8881955601
4301244682
5572853067
5908935204
6136878151
6707730179
6568528229
7420862640
6136878151
7393353603
6863701442
7990438906
9031844480
3689143850
5908935204
4869462736
7000712728
7355090756
4166764346
5799743572
6136878151
4611769311
8881955601
6013374998
7082267082
6718151661
7007347469
7082267082
7107766356
6268082471
5908935204
7816195242
6568528229
7751070799
7751070799
9031844480
8341312250
7553333070
6112261645
7393353603
4802210038
7206637828
6863701442
7990438906
6863701442
7410391826
8341312250
4886607342
9031844480
5637218411
7206637828
4534626038
4945930771
5951787359
4727776125
5926949082
6718151661
6803631389
5704248416
4375959052
6416203229
8881955601
6170678057
6326719661
6358674244
4188958617
7590915449
5987534285
5709774267
5524758032
6568528229
5278604098
5331971382
6406032557
5376838040
4886607342
6863701442
4837653023
7751070799
6326719661
7553333070
8819523718
7590915449
7572868954
4305366251
6794034790
6326719661
5332552679
6248258431
6926549932
4802210038
4930597454
5464682200
5006635787
6863701442
7355090756
6170678057
7968835273
6577395126
5190865283
5904934609
5673565060
4930597454
4311637988
5944007677
5985477905
8881955601
6127434136
6547678658
5951787359
3672709288
9031844480
7092412265
9031844480
5110124047
9031844480
5160204155
7563644265
6724362234
5121246484
5180038934
6724362234
4802210038
6260730108
4886607342
8679952245
5704248416
3480391477
5938193467
6954278635
7007347469
6523510714
3264201373
5908935204
7206637828
4965609825
7420862640
4263819031
3872867630
5944007677
3264201373
5106124902
6267080711
6018914574
6568528229
5006792786
6863701442
3985233594
4391375673
4930597454
6918165321
7161969611
3639398176
7107766356
6761421651
7572868954
5938536929
4802210038
8175847838
5516866282
3852032766
6629850831
5673565060
5907287235
6268082471
4736574850
6217545907
6500624794
7393353603
6112261645
6104771629
7432634969
5313665487
6358674244
7445397002
5722981425
3728211535
6568528229
5891685172
6423400696
4851308084
4082850626
7352102923
7553333070
5987534285
2423084968
5572853067
7206637828
5553114560
4391375673
4724167309
7355090756
6731149451
5867066254
6582233133
4603807706
6326719661
7352102923
6110425583
7572868954
4780002749
3126708569
6477610545
6416203229
4846613934
6404367437
7000712728
5985477905
5500969871
5157587186
6336919350
4167900312
8175847838
5403193614
3810444151
6463823125
4940356054
6649545068
5951787359
6761421651
7823768718
4153759022
5328386845
8819523718
6577395126
4930597454
7134236963
5711837518
5534664618
6718151661
5941487540
8881955601
7624045989
6126487352
5441184520
5941487540
5235929703
6523510714
5328386845
5209636008
4951114111
7536031694
5089041936
5316465288
5938536929
7572868954
8234362690
4388554336
5386284244
6536228319
5772099736
5121246484
5528439422
5776184797
7248251056
3901403747
4259691138
7572868954
5740282941
2141517963
7572868954
5206131125
6481694711
4701682591
2761034074
7624045989
6416252504
5926949082
4422610689
6954278635
6523510714
5412183758
5423497319
6778947838
5500969871
4412022993
7536031694
5525169870
7072220231
6337557388
4594185722
7536031694
3417432531
6803631389
6675987864
4296052515
5799743572
4712874280
5131215399
4170484106
3598465591
6410820654
3581732170
3908304488
4444350621
3859752064
4540016592
3441508618
5109987504
6867082127
6512285783
6441632529
5650384658
4412372132
4870527778
5006635787
4912592566
4532285960
4166764346
7751070799
3720197735
6035797982
5403193614
6863701442
5938536929
6013374998
7429686202
8528467089
5156221686
4740606219
6423400696
5206131125
5987534285
6198742402
7410391826
3788302507
7816195242
5925614350
7553333070
7007347469
5904934609
5793331779
3716152341
4466294901
3620457424
3480391477
2913295955
8537377552
4388554336
6761421651
4898831050
6531328300
4888587819
8881955601
5222500448
7410391826
4218790794
9031844480
5128286275
6186183159
4296052515
3720197735
7445397002
6523510714
3438848230
7748567724
4786915468
5166965238
6133453941
5908935204
6129643687
8249851487
6718151661
3486446441
5558915541
6827901811
4886607342
4809595810
6035797982
4176711304
4917655131
4520159877
5081179291
4930597454
4917655131
3554958672
5788830466
6762122729
7816195242
5269710177
5508912536
5376838040
3551889727
5376838040
7751070799
4407351827
7075637489
8819523718
6656161491
6830132677
4627008709
4422610689
6500624794
5199213877
5585416488
5904934609
6839746661
5806522619
4758429882
5158948143
4501375876
5663682957
5490649712
5744142832
3689143850
5749818622
5941487540
6656161491
3720625974
7429686202
3979796550
4502878791
5757804523
7445397002
5866461431
5938193467
5907287235
6047293851
4835644688
4888587819
6587109650
5852478081
6260730108
7751070799
6587109650
6410820654
3066822546
6867012955
4298154279
3551889727
7000712728
5099499583
5264197368
4971969212
6365677712
6159050600
6770046709
5597809342
5597809342
6047293851
4888587819
6336919350
8341312250
7340910617
5347853026
5036931325
5944007677
6731149451
6863701442
3814797559
8528467089
4430882824
4788299993
4951114111
5524758032
7760347768
4391375673
7976741504
3530916486
5354880541
4252075914
7151519330
5686673662
5103409795
3307941006
5637218411
3978515106
5560537735
4891168221
5062431536
5926949082
5496760346
4690888462
3872867630
4846613934
4711969195
6049454643
5230679252
3892431539
3562562503
3958640855
3845436537
3793254924
4499208052
5711837518
4217377813
5402826308
5410367425
6512285783
6724362234
4856680382
6579560584
5574340533
3658109679
5218214948
7128715459
6625169042
6863701442
4414461142
6932307410
6932307410
4153830606
5351328049
7355090756
5235929703
8819523718
3814797559
5328386845
5597809342
5686673662
3465966813
4158907548
5951787359
4391375673
6731149451
5606974584
6136878151
7528834775
6512285783
2849703518
6296375896
4992796991
5662330185
5867066254
6326719661
4152926924
6337557388
7413616129
8341312250
6008475257
6926549932
5764280557
3581732170
6275918474
4298154279
6446612460
8819523718
5229376674
6979537222
7082267082
7310966800
4255731478
3911311285
4234022047
5239910748
4809244773
3750390665
5464097903
6142499463
4502878791
6830132677
5872089191
6078164860
7990438906
5079698292
6018914574
3920424870
6518303643
7355090756
4941733278
6310121731
7286154119
5043740750
7035546785
5355158101
5806522619
4019111183
5179281680
7000712728
6954278635
5332552679
3642137966
5063278971
6509312761
4926450792
4721400106
7572868954
6763029911
9031844480
4301035815
7206393223
6275918474
5066445252
5353193459
4240120210
3790439331
4787038026
3872867630
5869173521
5780758325
6840981404
3191714666
4772200857
6649545068
4133946450
6531328300
4033526067
5979144813
4313483396
7590915449
6481535988
5421665133
2085907732
2859317175
4403408840
5951787359
5504314179
5437253493
7317951241
6136878151
5406502130
5353193459
5332552679
5205673280
5516866282
4495332811
5327196444
5516866282
4407121744
6373558623
5515605829
7457117088
5056200377
4940179805
5947847741
6018914574
5023959490
4575907776
6216400322
5215707653
5211869768
5636179573
5297176297
5944007677
5490649712
7445397002
7536031694
5160204155
6492580540
7816195242
6761421651
5955409418
4937895209
9031844480
5885358147
5355158101
5359803082
4179981408
5328177696
3404288615
6582233133
7206637828
6029991536
6649545068
5058477379
6718151661
5904541922
6112261645
3753983887
8679952245
6919735102
1665279344
6787666049
5121009782
4600954373
4743522111
6491822019
5987534285
4359986078
6481535988
6292807029
6136878151
5202980963
5778162544
5897684271
4883799248
5024289303
4469329507
4139086421
4888587819
3852032766
7823768718
7429739447
6404367437
8782747258
5597845843
8537377552
5313476400
7572868954
6408839400
4611769311
6547710959
4396238523
4309375668
4518967372
5679873266
8341312250
4951114111
5008319341
5529241043
6761421651
2519542730
6932307410
5122287890
3286412042
6271360148
5222385293
4834058872
5572853067
4511996032
7968835273
5752591586
3551785056
7285682756
6446184480
4712874280
5277282582
4516763665
4074550079
5062431536
4758429882
6918165321
6761421651
4531661990
6268082471
4631199300
6770046709
6159783919
5508912536
3595300394
5925614350
5755057398
3177039865
4869462736
6406032557
4404630219
4479998291
4846186196
6110425583
6839746661
6547678658
5147492924
4712874280
6441137631
5328177696
4217377813
3510631039
5178949659
5574340533
5599262595
6719148260
4846613934
5445445383
7858557176
5477564976
5347853026
4543715518
4941733278
4780002749
3985233594
3604642224
4117315609
7572868954
3335990078
4717106502
4992796991
7161969611
5516866282
7448739968
6582233133
6523510714
6294061210
7429686202
3908304488
6754101922
3872867630
4356242720
4838790762
6416203229
5327406124
5776184797
4359986078
4594185722
4244620934
4082850626
3135935661
4850985147
4743377180
7206637828
6362891123
9031844480
5002589457
4502878791
3100864993
5122779487
4215739725
6035797982
6043482578
3720197735
4235467964
2892563110
6789540287
4710307338
7968835273
8162100354
4558247432
4296052515
5926949082
6580864519
5293516968
5013335152
5063278971
7248251056
6179965172
5004560617
5443459374
7355090756
4456995435
3914740203
6649545068
4584125200
6432798471
2811084509
7161969611
4181310860
3139586360
5606974584
8175847838
4106821050
6509312761
4603807706
5099414081
6326719661
7352102923
4783027326
6165593863
5938193467
4809244773
4685413479
3843805572
6786951956
4396788213
4007102959
4710307338
7072220231
8175847838
5070563274
5582513548
4651197066
4456346683
4763958812
5611624218
7017256453
5667304351
5426630272
6311557037
7206637828
5112601677
3250037096
5938193467
5305960978
7393353603
5776184797
6174334435
5295343877
3428602891
5423497319
7116505963
5525169870
4288050729
6416203229
7075637489
6268082471
6441632529
6629850831
7352102923
6353514194
3222588127
4379695148
3938725088
7760347768
3903738213
5052840305
5028763106
3859536885
4382962751
5386284244
3637108661
2905530314
4472163213
3646338692
5722981425
4679270759
3203308892
7000712728
6343495659
6307213232
5388281432
6827901811
4597573351
3619522682
7410391826
4183277678
5327196444
4114326496
5153553204
4742821357
3763170968
4058551972
4659206604
6029991536
5000708778
5719642230
4812524228
6423400696
5799743572
5063278971
5573710152
6407851854
7092412265
4784847177
4758429882
5158948143
6936424003
5381020021
4265654414
5826930750
6107408103
7420862640
6217545907
4375959052
7134236963
5926949082
4609431434
6133453941
5204561448
8106503402
7419558856
2212062365
5606186571
6936424003
2212062365
7082267082
5985477905
5660208923
3287837417
4187080085
4809244773
5865376728
4780002749
6568612237
4078154193
6572140451
4106393052
5121246484
3752476569
6481535988
5778875784
5500969871
3802839391
4731328168
4887331845
6485995028
7693061507
3459274232
5726411039
5168618810
4780551783
2616502535
6615781948
4348303421
5110124047
7464597195
3075990786
3843805572
