d:\8.4蒲莫臣\c\作业3\作业3\debug\vc143.pdb
d:\8.4蒲莫臣\c\作业3\作业3\debug\vc143.idb
d:\8.4蒲莫臣\c\作业3\作业3\debug\求平均年龄.obj
d:\8.4蒲莫臣\c\作业3\作业3\debug\木棍.obj
d:\8.4蒲莫臣\c\作业3\作业3\debug\最高分.obj
d:\8.4蒲莫臣\c\作业3\作业3\debug\暧昧比赛.obj
d:\8.4蒲莫臣\c\作业3\作业3\debug\数字直角三角形.obj
d:\8.4蒲莫臣\c\作业3\作业3\debug\数字分类.obj
d:\8.4蒲莫臣\c\作业3\作业3\debug\数字出现个数.obj
d:\8.4蒲莫臣\c\作业3\作业3\debug\摘苹果.obj
d:\8.4蒲莫臣\c\作业3\作业3\debug\插火把.obj
d:\8.4蒲莫臣\c\作业3\作业3\debug\彩票.obj
d:\8.4蒲莫臣\c\作业3\作业3\debug\小鱼游泳.obj
d:\8.4蒲莫臣\c\作业3\作业3\debug\对手.obj
d:\8.4蒲莫臣\c\作业3\作业3\debug\回文质数.obj
d:\8.4蒲莫臣\c\作业3\作业3\debug\制作工艺品.obj
d:\8.4蒲莫臣\c\作业3\作业3\debug\分割棋盘.obj
d:\8.4蒲莫臣\c\作业3\作业3\debug\任务排序.obj
d:\8.4蒲莫臣\c\作业3\作业3\debug\付电费.obj
d:\8.4蒲莫臣\c\作业3\作业3\debug\买铅笔cpp.obj
d:\8.4蒲莫臣\c\作业3\作业3\debug\不高兴的jj.obj
d:\8.4蒲莫臣\c\作业3\作业3\debug\三角形判定.obj
d:\8.4蒲莫臣\c\作业3\作业3\debug\这个月有多少天？.obj
d:\8.4蒲莫臣\c\作业3\作业3\debug\补发礼物.obj
d:\8.4蒲莫臣\c\作业3\作业3\debug\图书号码.obj
d:\8.4蒲莫臣\c\作业3\作业3\debug\求质数.obj
d:\8.4蒲莫臣\c\作业3\作业3\debug\作业3.ilk
d:\8.4蒲莫臣\c\作业和\debug\作业3.exe
d:\8.4蒲莫臣\c\作业和\debug\作业3.pdb
d:\8.4蒲莫臣\c\作业3\作业3\debug\作业3.tlog\cl.read.1.tlog
d:\8.4蒲莫臣\c\作业3\作业3\debug\作业3.tlog\cl.write.1.tlog
d:\8.4蒲莫臣\c\作业3\作业3\debug\作业3.tlog\cl.command.1.tlog
d:\8.4蒲莫臣\c\作业3\作业3\debug\作业3.tlog\link.command.1.tlog
d:\8.4蒲莫臣\c\作业3\作业3\debug\作业3.tlog\link.read.1.tlog
d:\8.4蒲莫臣\c\作业3\作业3\debug\作业3.tlog\link.write.1.tlog
